<?xml version="1.0" encoding="UTF-8"?>
<coverage generated="1786982886112" clover="3.2.0">
  <project timestamp="1786982886113" name="All files">
    <metrics statements="441" coveredstatements="116" conditionals="269" coveredconditionals="49" methods="35" coveredmethods="6" elements="745" coveredelements="171" complexity="0" loc="441" ncloc="441" packages="1" files="1" classes="1"/>
    <file name="authController.ts" path="C:\Workspace\certvault\backend\src\controllers\authController.ts">
      <metrics statements="441" coveredstatements="116" conditionals="269" coveredconditionals="49" methods="35" coveredmethods="6"/>
      <line num="1" count="1" type="stmt"/>
      <line num="3" count="1" type="stmt"/>
      <line num="4" count="1" type="stmt"/>
      <line num="6" count="1" type="stmt"/>
      <line num="7" count="1" type="stmt"/>
      <line num="8" count="1" type="stmt"/>
      <line num="9" count="1" type="stmt"/>
      <line num="10" count="1" type="stmt"/>
      <line num="11" count="1" type="stmt"/>
      <line num="12" count="1" type="stmt"/>
      <line num="13" count="1" type="stmt"/>
      <line num="14" count="1" type="stmt"/>
      <line num="15" count="1" type="stmt"/>
      <line num="36" count="1" type="cond" truecount="2" falsecount="0"/>
      <line num="37" count="1" type="cond" truecount="2" falsecount="0"/>
      <line num="38" count="1" type="cond" truecount="2" falsecount="0"/>
      <line num="40" count="11" type="stmt"/>
      <line num="42" count="1" type="stmt"/>
      <line num="43" count="0" type="stmt"/>
      <line num="48" count="1" type="stmt"/>
      <line num="49" count="0" type="stmt"/>
      <line num="54" count="1" type="stmt"/>
      <line num="55" count="0" type="stmt"/>
      <line num="57" count="0" type="stmt"/>
      <line num="59" count="0" type="stmt"/>
      <line num="60" count="0" type="cond" truecount="0" falsecount="2"/>
      <line num="62" count="0" type="stmt"/>
      <line num="63" count="0" type="stmt"/>
      <line num="65" count="0" type="stmt"/>
      <line num="69" count="0" type="cond" truecount="0" falsecount="2"/>
      <line num="70" count="0" type="stmt"/>
      <line num="75" count="0" type="stmt"/>
      <line num="78" count="0" type="stmt"/>
      <line num="79" count="0" type="stmt"/>
      <line num="81" count="0" type="stmt"/>
      <line num="99" count="0" type="stmt"/>
      <line num="101" count="0" type="stmt"/>
      <line num="102" count="0" type="stmt"/>
      <line num="103" count="0" type="stmt"/>
      <line num="112" count="0" type="stmt"/>
      <line num="113" count="0" type="stmt"/>
      <line num="114" count="0" type="stmt"/>
      <line num="117" count="0" type="stmt"/>
      <line num="124" count="0" type="stmt"/>
      <line num="127" count="0" type="cond" truecount="0" falsecount="2"/>
      <line num="128" count="0" type="cond" truecount="0" falsecount="2"/>
      <line num="129" count="0" type="stmt"/>
      <line num="131" count="0" type="stmt"/>
      <line num="136" count="0" type="stmt"/>
      <line num="140" count="0" type="cond" truecount="0" falsecount="2"/>
      <line num="141" count="0" type="cond" truecount="0" falsecount="2"/>
      <line num="142" count="0" type="stmt"/>
      <line num="143" count="0" type="stmt"/>
      <line num="148" count="0" type="stmt"/>
      <line num="151" count="0" type="stmt"/>
      <line num="159" count="1" type="stmt"/>
      <line num="160" count="0" type="stmt"/>
      <line num="161" count="0" type="stmt"/>
      <line num="163" count="0" type="stmt"/>
      <line num="165" count="0" type="cond" truecount="0" falsecount="4"/>
      <line num="166" count="0" type="stmt"/>
      <line num="171" count="0" type="stmt"/>
      <line num="174" count="0" type="cond" truecount="0" falsecount="2"/>
      <line num="175" count="0" type="stmt"/>
      <line num="180" count="0" type="stmt"/>
      <line num="183" count="0" type="stmt"/>
      <line num="185" count="0" type="cond" truecount="0" falsecount="2"/>
      <line num="186" count="0" type="stmt"/>
      <line num="191" count="0" type="stmt"/>
      <line num="195" count="0" type="stmt"/>
      <line num="196" count="0" type="cond" truecount="0" falsecount="2"/>
      <line num="197" count="0" type="stmt"/>
      <line num="198" count="0" type="cond" truecount="0" falsecount="2"/>
      <line num="199" count="0" type="cond" truecount="0" falsecount="2"/>
      <line num="200" count="0" type="cond" truecount="0" falsecount="2"/>
      <line num="201" count="0" type="stmt"/>
      <line num="205" count="0" type="cond" truecount="0" falsecount="2"/>
      <line num="206" count="0" type="stmt"/>
      <line num="209" count="0" type="cond" truecount="0" falsecount="2"/>
      <line num="212" count="0" type="stmt"/>
      <line num="215" count="0" type="cond" truecount="0" falsecount="2"/>
      <line num="216" count="0" type="stmt"/>
      <line num="217" count="0" type="stmt"/>
      <line num="218" count="0" type="cond" truecount="0" falsecount="5"/>
      <line num="219" count="0" type="stmt"/>
      <line num="222" count="0" type="stmt"/>
      <line num="223" count="0" type="stmt"/>
      <line num="225" count="0" type="stmt"/>
      <line num="226" count="0" type="stmt"/>
      <line num="227" count="0" type="stmt"/>
      <line num="229" count="0" type="stmt"/>
      <line num="231" count="0" type="stmt"/>
      <line num="261" count="0" type="stmt"/>
      <line num="262" count="0" type="stmt"/>
      <line num="270" count="1" type="stmt"/>
      <line num="271" count="0" type="stmt"/>
      <line num="272" count="0" type="stmt"/>
      <line num="274" count="0" type="cond" truecount="0" falsecount="2"/>
      <line num="275" count="0" type="stmt"/>
      <line num="280" count="0" type="stmt"/>
      <line num="283" count="0" type="stmt"/>
      <line num="284" count="0" type="stmt"/>
      <line num="286" count="0" type="cond" truecount="0" falsecount="5"/>
      <line num="287" count="0" type="stmt"/>
      <line num="292" count="0" type="stmt"/>
      <line num="295" count="0" type="stmt"/>
      <line num="296" count="0" type="stmt"/>
      <line num="298" count="0" type="stmt"/>
      <line num="300" count="0" type="stmt"/>
      <line num="302" count="0" type="stmt"/>
      <line num="325" count="0" type="stmt"/>
      <line num="333" count="1" type="stmt"/>
      <line num="334" count="0" type="stmt"/>
      <line num="335" count="0" type="cond" truecount="0" falsecount="2"/>
      <line num="336" count="0" type="stmt"/>
      <line num="338" count="0" type="stmt"/>
      <line num="341" count="0" type="stmt"/>
      <line num="346" count="0" type="stmt"/>
      <line num="347" count="0" type="stmt"/>
      <line num="355" count="1" type="stmt"/>
      <line num="356" count="0" type="stmt"/>
      <line num="357" count="0" type="cond" truecount="0" falsecount="2"/>
      <line num="358" count="0" type="stmt"/>
      <line num="363" count="0" type="stmt"/>
      <line num="366" count="0" type="stmt"/>
      <line num="390" count="0" type="stmt"/>
      <line num="391" count="0" type="stmt"/>
      <line num="399" count="1" type="stmt"/>
      <line num="400" count="0" type="stmt"/>
      <line num="401" count="0" type="cond" truecount="0" falsecount="2"/>
      <line num="402" count="0" type="stmt"/>
      <line num="407" count="0" type="stmt"/>
      <line num="410" count="0" type="stmt"/>
      <line num="412" count="0" type="cond" truecount="0" falsecount="2"/>
      <line num="413" count="0" type="cond" truecount="0" falsecount="2"/>
      <line num="414" count="0" type="cond" truecount="0" falsecount="2"/>
      <line num="415" count="0" type="cond" truecount="0" falsecount="2"/>
      <line num="417" count="0" type="cond" truecount="0" falsecount="2"/>
      <line num="418" count="0" type="cond" truecount="0" falsecount="2"/>
      <line num="419" count="0" type="cond" truecount="0" falsecount="5"/>
      <line num="420" count="0" type="stmt"/>
      <line num="421" count="0" type="stmt"/>
      <line num="422" count="0" type="stmt"/>
      <line num="423" count="0" type="stmt"/>
      <line num="425" count="0" type="stmt"/>
      <line num="426" count="0" type="stmt"/>
      <line num="429" count="0" type="cond" truecount="0" falsecount="3"/>
      <line num="430" count="0" type="cond" truecount="0" falsecount="2"/>
      <line num="434" count="0" type="stmt"/>
      <line num="436" count="0" type="stmt"/>
      <line num="438" count="0" type="stmt"/>
      <line num="458" count="0" type="stmt"/>
      <line num="459" count="0" type="stmt"/>
      <line num="467" count="1" type="stmt"/>
      <line num="468" count="0" type="stmt"/>
      <line num="469" count="0" type="cond" truecount="0" falsecount="2"/>
      <line num="470" count="0" type="stmt"/>
      <line num="475" count="0" type="stmt"/>
      <line num="478" count="0" type="stmt"/>
      <line num="480" count="0" type="cond" truecount="0" falsecount="4"/>
      <line num="481" count="0" type="stmt"/>
      <line num="486" count="0" type="stmt"/>
      <line num="489" count="0" type="stmt"/>
      <line num="490" count="0" type="cond" truecount="0" falsecount="2"/>
      <line num="491" count="0" type="stmt"/>
      <line num="496" count="0" type="stmt"/>
      <line num="499" count="0" type="stmt"/>
      <line num="500" count="0" type="cond" truecount="0" falsecount="2"/>
      <line num="501" count="0" type="stmt"/>
      <line num="506" count="0" type="stmt"/>
      <line num="510" count="0" type="cond" truecount="0" falsecount="2"/>
      <line num="513" count="0" type="cond" truecount="0" falsecount="2"/>
      <line num="514" count="0" type="cond" truecount="0" falsecount="2"/>
      <line num="515" count="0" type="cond" truecount="0" falsecount="4"/>
      <line num="516" count="0" type="stmt"/>
      <line num="521" count="0" type="stmt"/>
      <line num="524" count="0" type="stmt"/>
      <line num="525" count="0" type="cond" truecount="0" falsecount="2"/>
      <line num="526" count="0" type="stmt"/>
      <line num="531" count="0" type="stmt"/>
      <line num="533" count="0" type="stmt"/>
      <line num="534" count="0" type="cond" truecount="0" falsecount="2"/>
      <line num="536" count="0" type="stmt"/>
      <line num="537" count="0" type="cond" truecount="0" falsecount="2"/>
      <line num="538" count="0" type="stmt"/>
      <line num="543" count="0" type="stmt"/>
      <line num="545" count="0" type="stmt"/>
      <line num="548" count="0" type="stmt"/>
      <line num="549" count="0" type="stmt"/>
      <line num="550" count="0" type="stmt"/>
      <line num="552" count="0" type="stmt"/>
      <line num="557" count="0" type="stmt"/>
      <line num="558" count="0" type="stmt"/>
      <line num="573" count="1" type="stmt"/>
      <line num="580" count="1" type="stmt"/>
      <line num="581" count="17" type="stmt"/>
      <line num="588" count="1" type="stmt"/>
      <line num="593" count="18" type="stmt"/>
      <line num="594" count="18" type="stmt"/>
      <line num="599" count="17" type="cond" truecount="2" falsecount="0"/>
      <line num="601" count="17" type="cond" truecount="2" falsecount="0"/>
      <line num="602" count="4" type="stmt"/>
      <line num="605" count="13" type="stmt"/>
      <line num="606" count="13" type="cond" truecount="4" falsecount="0"/>
      <line num="607" count="3" type="stmt"/>
      <line num="610" count="10" type="stmt"/>
      <line num="613" count="1" type="stmt"/>
      <line num="614" count="11" type="stmt"/>
      <line num="615" count="11" type="stmt"/>
      <line num="616" count="11" type="cond" truecount="2" falsecount="0"/>
      <line num="617" count="1" type="stmt"/>
      <line num="622" count="1" type="stmt"/>
      <line num="625" count="10" type="stmt"/>
      <line num="626" count="10" type="stmt"/>
      <line num="628" count="10" type="cond" truecount="2" falsecount="0"/>
      <line num="629" count="7" type="stmt"/>
      <line num="630" count="7" type="stmt"/>
      <line num="631" count="7" type="stmt"/>
      <line num="632" count="7" type="stmt"/>
      <line num="634" count="7" type="stmt"/>
      <line num="637" count="7" type="stmt"/>
      <line num="641" count="7" type="stmt"/>
      <line num="645" count="7" type="stmt"/>
      <line num="653" count="9" type="stmt"/>
      <line num="658" count="1" type="stmt"/>
      <line num="659" count="1" type="stmt"/>
      <line num="667" count="1" type="stmt"/>
      <line num="668" count="12" type="stmt"/>
      <line num="669" count="12" type="stmt"/>
      <line num="671" count="12" type="cond" truecount="4" falsecount="0"/>
      <line num="672" count="2" type="stmt"/>
      <line num="677" count="2" type="stmt"/>
      <line num="680" count="10" type="cond" truecount="2" falsecount="0"/>
      <line num="681" count="1" type="stmt"/>
      <line num="686" count="1" type="stmt"/>
      <line num="689" count="9" type="stmt"/>
      <line num="691" count="9" type="cond" truecount="2" falsecount="0"/>
      <line num="692" count="2" type="stmt"/>
      <line num="693" count="2" type="stmt"/>
      <line num="699" count="2" type="stmt"/>
      <line num="702" count="7" type="stmt"/>
      <line num="707" count="7" type="stmt"/>
      <line num="708" count="7" type="cond" truecount="2" falsecount="0"/>
      <line num="711" count="7" type="cond" truecount="4" falsecount="0"/>
      <line num="712" count="3" type="cond" truecount="4" falsecount="0"/>
      <line num="713" count="1" type="stmt"/>
      <line num="719" count="1" type="stmt"/>
      <line num="722" count="2" type="stmt"/>
      <line num="723" count="2" type="cond" truecount="2" falsecount="0"/>
      <line num="724" count="1" type="stmt"/>
      <line num="729" count="1" type="stmt"/>
      <line num="731" count="1" type="stmt"/>
      <line num="734" count="5" type="stmt"/>
      <line num="735" count="5" type="stmt"/>
      <line num="736" count="5" type="stmt"/>
      <line num="737" count="5" type="stmt"/>
      <line num="738" count="5" type="stmt"/>
      <line num="739" count="5" type="stmt"/>
      <line num="741" count="4" type="stmt"/>
      <line num="746" count="1" type="stmt"/>
      <line num="747" count="1" type="stmt"/>
      <line num="755" count="1" type="stmt"/>
      <line num="756" count="0" type="stmt"/>
      <line num="757" count="0" type="stmt"/>
      <line num="759" count="0" type="cond" truecount="0" falsecount="2"/>
      <line num="760" count="0" type="stmt"/>
      <line num="765" count="0" type="stmt"/>
      <line num="768" count="0" type="stmt"/>
      <line num="769" count="0" type="stmt"/>
      <line num="775" count="0" type="cond" truecount="0" falsecount="2"/>
      <line num="776" count="0" type="stmt"/>
      <line num="781" count="0" type="stmt"/>
      <line num="784" count="0" type="stmt"/>
      <line num="785" count="0" type="stmt"/>
      <line num="786" count="0" type="stmt"/>
      <line num="788" count="0" type="stmt"/>
      <line num="790" count="0" type="stmt"/>
      <line num="795" count="0" type="stmt"/>
      <line num="796" count="0" type="stmt"/>
      <line num="804" count="1" type="stmt"/>
      <line num="805" count="0" type="stmt"/>
      <line num="806" count="0" type="cond" truecount="0" falsecount="2"/>
      <line num="807" count="0" type="stmt"/>
      <line num="812" count="0" type="stmt"/>
      <line num="815" count="0" type="stmt"/>
      <line num="825" count="0" type="stmt"/>
      <line num="832" count="0" type="stmt"/>
      <line num="837" count="0" type="stmt"/>
      <line num="838" count="0" type="stmt"/>
      <line num="846" count="1" type="stmt"/>
      <line num="847" count="10" type="stmt"/>
      <line num="848" count="10" type="stmt"/>
      <line num="850" count="10" type="cond" truecount="2" falsecount="0"/>
      <line num="851" count="1" type="stmt"/>
      <line num="855" count="1" type="stmt"/>
      <line num="858" count="9" type="stmt"/>
      <line num="860" count="8" type="cond" truecount="2" falsecount="0"/>
      <line num="861" count="5" type="stmt"/>
      <line num="862" count="5" type="stmt"/>
      <line num="867" count="5" type="stmt"/>
      <line num="870" count="3" type="stmt"/>
      <line num="871" count="3" type="stmt"/>
      <line num="872" count="3" type="cond" truecount="3" falsecount="0"/>
      <line num="875" count="3" type="stmt"/>
      <line num="884" count="1" type="stmt"/>
      <line num="885" count="1" type="stmt"/>
      <line num="893" count="1" type="stmt"/>
      <line num="894" count="0" type="stmt"/>
      <line num="895" count="0" type="cond" truecount="0" falsecount="2"/>
      <line num="896" count="0" type="stmt"/>
      <line num="901" count="0" type="stmt"/>
      <line num="904" count="0" type="stmt"/>
      <line num="905" count="0" type="cond" truecount="0" falsecount="2"/>
      <line num="906" count="0" type="stmt"/>
      <line num="911" count="0" type="stmt"/>
      <line num="915" count="0" type="stmt"/>
      <line num="925" count="0" type="stmt"/>
      <line num="934" count="0" type="stmt"/>
      <line num="935" count="0" type="stmt"/>
      <line num="943" count="1" type="stmt"/>
      <line num="944" count="0" type="stmt"/>
      <line num="945" count="0" type="stmt"/>
      <line num="948" count="0" type="stmt"/>
      <line num="949" count="0" type="cond" truecount="0" falsecount="4"/>
      <line num="950" count="0" type="stmt"/>
      <line num="951" count="0" type="stmt"/>
      <line num="954" count="0" type="stmt"/>
      <line num="955" count="0" type="stmt"/>
      <line num="956" count="0" type="stmt"/>
      <line num="957" count="0" type="stmt"/>
      <line num="958" count="0" type="stmt"/>
      <line num="960" count="0" type="cond" truecount="0" falsecount="2"/>
      <line num="961" count="0" type="cond" truecount="0" falsecount="2"/>
      <line num="962" count="0" type="stmt"/>
      <line num="963" count="0" type="stmt"/>
      <line num="968" count="0" type="cond" truecount="0" falsecount="4"/>
      <line num="969" count="0" type="stmt"/>
      <line num="970" count="0" type="stmt"/>
      <line num="974" count="0" type="stmt"/>
      <line num="978" count="0" type="stmt"/>
      <line num="979" count="0" type="stmt"/>
      <line num="984" count="0" type="stmt"/>
      <line num="985" count="0" type="stmt"/>
      <line num="986" count="0" type="stmt"/>
      <line num="989" count="0" type="cond" truecount="0" falsecount="4"/>
      <line num="990" count="0" type="cond" truecount="0" falsecount="3"/>
      <line num="991" count="0" type="cond" truecount="0" falsecount="2"/>
      <line num="992" count="0" type="cond" truecount="0" falsecount="2"/>
      <line num="993" count="0" type="cond" truecount="0" falsecount="2"/>
      <line num="995" count="0" type="cond" truecount="0" falsecount="2"/>
      <line num="996" count="0" type="stmt"/>
      <line num="997" count="0" type="stmt"/>
      <line num="999" count="0" type="cond" truecount="0" falsecount="2"/>
      <line num="1000" count="0" type="cond" truecount="0" falsecount="4"/>
      <line num="1001" count="0" type="stmt"/>
      <line num="1002" count="0" type="stmt"/>
      <line num="1005" count="0" type="stmt"/>
      <line num="1006" count="0" type="stmt"/>
      <line num="1009" count="0" type="stmt"/>
      <line num="1011" count="0" type="stmt"/>
      <line num="1012" count="0" type="stmt"/>
      <line num="1013" count="0" type="cond" truecount="0" falsecount="2"/>
      <line num="1014" count="0" type="cond" truecount="0" falsecount="2"/>
      <line num="1016" count="0" type="stmt"/>
      <line num="1017" count="0" type="cond" truecount="0" falsecount="2"/>
      <line num="1018" count="0" type="cond" truecount="0" falsecount="2"/>
      <line num="1022" count="0" type="stmt"/>
      <line num="1023" count="0" type="stmt"/>
      <line num="1028" count="0" type="cond" truecount="0" falsecount="2"/>
      <line num="1029" count="0" type="cond" truecount="0" falsecount="2"/>
      <line num="1031" count="0" type="stmt"/>
      <line num="1033" count="0" type="stmt"/>
      <line num="1034" count="0" type="stmt"/>
      <line num="1037" count="0" type="stmt"/>
      <line num="1038" count="0" type="stmt"/>
      <line num="1041" count="0" type="stmt"/>
      <line num="1042" count="0" type="cond" truecount="0" falsecount="4"/>
      <line num="1043" count="0" type="stmt"/>
      <line num="1045" count="0" type="stmt"/>
      <line num="1051" count="0" type="stmt"/>
      <line num="1054" count="0" type="cond" truecount="0" falsecount="2"/>
      <line num="1055" count="0" type="stmt"/>
      <line num="1056" count="0" type="stmt"/>
      <line num="1057" count="0" type="stmt"/>
      <line num="1058" count="0" type="cond" truecount="0" falsecount="2"/>
      <line num="1059" count="0" type="stmt"/>
      <line num="1063" count="0" type="stmt"/>
      <line num="1064" count="0" type="stmt"/>
      <line num="1067" count="0" type="cond" truecount="0" falsecount="3"/>
      <line num="1068" count="0" type="cond" truecount="0" falsecount="2"/>
      <line num="1069" count="0" type="cond" truecount="0" falsecount="2"/>
      <line num="1070" count="0" type="cond" truecount="0" falsecount="2"/>
      <line num="1073" count="0" type="stmt"/>
      <line num="1077" count="0" type="cond" truecount="0" falsecount="2"/>
      <line num="1078" count="0" type="stmt"/>
      <line num="1079" count="0" type="stmt"/>
      <line num="1082" count="0" type="stmt"/>
      <line num="1083" count="0" type="cond" truecount="0" falsecount="2"/>
      <line num="1084" count="0" type="stmt"/>
      <line num="1085" count="0" type="stmt"/>
      <line num="1087" count="0" type="stmt"/>
      <line num="1088" count="0" type="stmt"/>
      <line num="1089" count="0" type="stmt"/>
      <line num="1090" count="0" type="stmt"/>
      <line num="1095" count="0" type="stmt"/>
      <line num="1096" count="0" type="stmt"/>
      <line num="1098" count="0" type="cond" truecount="0" falsecount="2"/>
      <line num="1099" count="0" type="stmt"/>
      <line num="1100" count="0" type="stmt"/>
      <line num="1101" count="0" type="stmt"/>
      <line num="1102" count="0" type="stmt"/>
      <line num="1103" count="0" type="stmt"/>
      <line num="1104" count="0" type="stmt"/>
      <line num="1105" count="0" type="stmt"/>
      <line num="1108" count="0" type="stmt"/>
      <line num="1111" count="0" type="stmt"/>
      <line num="1127" count="0" type="cond" truecount="0" falsecount="4"/>
      <line num="1129" count="0" type="stmt"/>
      <line num="1130" count="0" type="stmt"/>
      <line num="1131" count="0" type="stmt"/>
      <line num="1133" count="0" type="stmt"/>
      <line num="1137" count="0" type="cond" truecount="0" falsecount="2"/>
      <line num="1138" count="0" type="stmt"/>
      <line num="1139" count="0" type="stmt"/>
      <line num="1142" count="0" type="stmt"/>
      <line num="1145" count="0" type="cond" truecount="0" falsecount="4"/>
      <line num="1148" count="0" type="stmt"/>
      <line num="1149" count="0" type="stmt"/>
      <line num="1151" count="0" type="stmt"/>
      <line num="1152" count="0" type="stmt"/>
      <line num="1153" count="0" type="stmt"/>
      <line num="1155" count="0" type="stmt"/>
      <line num="1157" count="0" type="stmt"/>
      <line num="1187" count="0" type="stmt"/>
      <line num="1188" count="0" type="stmt"/>
      <line num="1192" count="1" type="stmt"/>
      <line num="1193" count="0" type="stmt"/>
      <line num="1194" count="0" type="stmt"/>
      <line num="1195" count="0" type="stmt"/>
      <line num="1208" count="0" type="stmt"/>
      <line num="1209" count="0" type="stmt"/>
    </file>
  </project>
</coverage>
