{"C:\\Workspace\\certvault\\backend\\src\\controllers\\authController.ts": {"path":"C:\\Workspace\\certvault\\backend\\src\\controllers\\authController.ts","statementMap":{"0":{"start":{"line":1,"column":0},"end":{"line":1,"column":28}},"1":{"start":{"line":3,"column":0},"end":{"line":3,"column":31}},"2":{"start":{"line":4,"column":0},"end":{"line":4,"column":55}},"3":{"start":{"line":6,"column":0},"end":{"line":6,"column":51}},"4":{"start":{"line":7,"column":0},"end":{"line":7,"column":89}},"5":{"start":{"line":8,"column":0},"end":{"line":8,"column":71}},"6":{"start":{"line":9,"column":0},"end":{"line":9,"column":77}},"7":{"start":{"line":10,"column":0},"end":{"line":10,"column":79}},"8":{"start":{"line":11,"column":0},"end":{"line":11,"column":46}},"9":{"start":{"line":12,"column":0},"end":{"line":12,"column":62}},"10":{"start":{"line":13,"column":0},"end":{"line":13,"column":78}},"11":{"start":{"line":14,"column":0},"end":{"line":14,"column":74}},"12":{"start":{"line":15,"column":0},"end":{"line":15,"column":42}},"13":{"start":{"line":36,"column":32},"end":{"line":36,"column":87}},"14":{"start":{"line":37,"column":33},"end":{"line":37,"column":86}},"15":{"start":{"line":38,"column":17},"end":{"line":38,"column":53}},"16":{"start":{"line":40,"column":23},"end":{"line":40,"column":76}},"17":{"start":{"line":40,"column":50},"end":{"line":40,"column":76}},"18":{"start":{"line":42,"column":22},"end":{"line":46,"column":1}},"19":{"start":{"line":43,"column":2},"end":{"line":45,"column":5}},"20":{"start":{"line":48,"column":29},"end":{"line":52,"column":1}},"21":{"start":{"line":49,"column":2},"end":{"line":51,"column":5}},"22":{"start":{"line":54,"column":24},"end":{"line":157,"column":1}},"23":{"start":{"line":55,"column":2},"end":{"line":156,"column":3}},"24":{"start":{"line":57,"column":6},"end":{"line":57,"column":14}},"25":{"start":{"line":59,"column":27},"end":{"line":59,"column":62}},"26":{"start":{"line":60,"column":26},"end":{"line":60,"column":74}},"27":{"start":{"line":62,"column":28},"end":{"line":62,"column":49}},"28":{"start":{"line":63,"column":36},"end":{"line":63,"column":65}},"29":{"start":{"line":65,"column":23},"end":{"line":67,"column":6}},"30":{"start":{"line":69,"column":4},"end":{"line":76,"column":5}},"31":{"start":{"line":70,"column":6},"end":{"line":74,"column":9}},"32":{"start":{"line":75,"column":6},"end":{"line":75,"column":13}},"33":{"start":{"line":78,"column":30},"end":{"line":78,"column":68}},"34":{"start":{"line":79,"column":36},"end":{"line":79,"column":103}},"35":{"start":{"line":81,"column":17},"end":{"line":96,"column":6}},"36":{"start":{"line":99,"column":23},"end":{"line":99,"column":74}},"37":{"start":{"line":101,"column":20},"end":{"line":101,"column":24}},"38":{"start":{"line":102,"column":4},"end":{"line":115,"column":5}},"39":{"start":{"line":103,"column":6},"end":{"line":108,"column":9}},"40":{"start":{"line":112,"column":6},"end":{"line":112,"column":100}},"41":{"start":{"line":113,"column":6},"end":{"line":113,"column":99}},"42":{"start":{"line":114,"column":6},"end":{"line":114,"column":24}},"43":{"start":{"line":117,"column":4},"end":{"line":122,"column":7}},"44":{"start":{"line":124,"column":4},"end":{"line":124,"column":46}},"45":{"start":{"line":127,"column":4},"end":{"line":137,"column":5}},"46":{"start":{"line":128,"column":23},"end":{"line":130,"column":19}},"47":{"start":{"line":129,"column":27},"end":{"line":129,"column":38}},"48":{"start":{"line":131,"column":6},"end":{"line":135,"column":9}},"49":{"start":{"line":136,"column":6},"end":{"line":136,"column":13}},"50":{"start":{"line":140,"column":4},"end":{"line":149,"column":5}},"51":{"start":{"line":141,"column":20},"end":{"line":141,"column":56}},"52":{"start":{"line":142,"column":22},"end":{"line":142,"column":62}},"53":{"start":{"line":143,"column":6},"end":{"line":147,"column":9}},"54":{"start":{"line":148,"column":6},"end":{"line":148,"column":13}},"55":{"start":{"line":151,"column":4},"end":{"line":155,"column":7}},"56":{"start":{"line":54,"column":13},"end":{"line":54,"column":24}},"57":{"start":{"line":159,"column":21},"end":{"line":268,"column":1}},"58":{"start":{"line":160,"column":2},"end":{"line":267,"column":3}},"59":{"start":{"line":161,"column":43},"end":{"line":161,"column":51}},"60":{"start":{"line":163,"column":17},"end":{"line":163,"column":103}},"61":{"start":{"line":165,"column":4},"end":{"line":172,"column":5}},"62":{"start":{"line":166,"column":6},"end":{"line":170,"column":9}},"63":{"start":{"line":171,"column":6},"end":{"line":171,"column":13}},"64":{"start":{"line":174,"column":4},"end":{"line":181,"column":5}},"65":{"start":{"line":175,"column":6},"end":{"line":179,"column":9}},"66":{"start":{"line":180,"column":6},"end":{"line":180,"column":13}},"67":{"start":{"line":183,"column":28},"end":{"line":183,"column":64}},"68":{"start":{"line":185,"column":4},"end":{"line":192,"column":5}},"69":{"start":{"line":186,"column":6},"end":{"line":190,"column":9}},"70":{"start":{"line":191,"column":6},"end":{"line":191,"column":13}},"71":{"start":{"line":195,"column":21},"end":{"line":195,"column":53}},"72":{"start":{"line":196,"column":30},"end":{"line":196,"column":74}},"73":{"start":{"line":197,"column":20},"end":{"line":197,"column":25}},"74":{"start":{"line":198,"column":4},"end":{"line":202,"column":5}},"75":{"start":{"line":199,"column":29},"end":{"line":199,"column":79}},"76":{"start":{"line":200,"column":6},"end":{"line":200,"column":101}},"77":{"start":{"line":201,"column":6},"end":{"line":201,"column":46}},"78":{"start":{"line":205,"column":26},"end":{"line":205,"column":118}},"79":{"start":{"line":206,"column":24},"end":{"line":206,"column":73}},"80":{"start":{"line":209,"column":42},"end":{"line":210,"column":81}},"81":{"start":{"line":212,"column":37},"end":{"line":212,"column":68}},"82":{"start":{"line":215,"column":4},"end":{"line":220,"column":5}},"83":{"start":{"line":216,"column":6},"end":{"line":216,"column":38}},"84":{"start":{"line":217,"column":6},"end":{"line":217,"column":32}},"85":{"start":{"line":218,"column":11},"end":{"line":220,"column":5}},"86":{"start":{"line":219,"column":6},"end":{"line":219,"column":37}},"87":{"start":{"line":222,"column":18},"end":{"line":222,"column":49}},"88":{"start":{"line":223,"column":25},"end":{"line":223,"column":63}},"89":{"start":{"line":225,"column":4},"end":{"line":225,"column":32}},"90":{"start":{"line":226,"column":4},"end":{"line":226,"column":37}},"91":{"start":{"line":227,"column":4},"end":{"line":227,"column":51}},"92":{"start":{"line":229,"column":4},"end":{"line":229,"column":47}},"93":{"start":{"line":231,"column":4},"end":{"line":259,"column":7}},"94":{"start":{"line":261,"column":4},"end":{"line":261,"column":43}},"95":{"start":{"line":262,"column":4},"end":{"line":266,"column":7}},"96":{"start":{"line":159,"column":13},"end":{"line":159,"column":21}},"97":{"start":{"line":270,"column":28},"end":{"line":331,"column":1}},"98":{"start":{"line":271,"column":2},"end":{"line":330,"column":3}},"99":{"start":{"line":272,"column":49},"end":{"line":272,"column":57}},"100":{"start":{"line":274,"column":4},"end":{"line":281,"column":5}},"101":{"start":{"line":275,"column":6},"end":{"line":279,"column":9}},"102":{"start":{"line":280,"column":6},"end":{"line":280,"column":13}},"103":{"start":{"line":283,"column":20},"end":{"line":283,"column":102}},"104":{"start":{"line":284,"column":17},"end":{"line":284,"column":72}},"105":{"start":{"line":286,"column":4},"end":{"line":293,"column":5}},"106":{"start":{"line":287,"column":6},"end":{"line":291,"column":9}},"107":{"start":{"line":292,"column":6},"end":{"line":292,"column":13}},"108":{"start":{"line":295,"column":21},"end":{"line":295,"column":52}},"109":{"start":{"line":296,"column":28},"end":{"line":296,"column":66}},"110":{"start":{"line":298,"column":4},"end":{"line":298,"column":40}},"111":{"start":{"line":300,"column":4},"end":{"line":300,"column":51}},"112":{"start":{"line":302,"column":4},"end":{"line":323,"column":7}},"113":{"start":{"line":325,"column":4},"end":{"line":329,"column":7}},"114":{"start":{"line":270,"column":13},"end":{"line":270,"column":28}},"115":{"start":{"line":333,"column":22},"end":{"line":353,"column":1}},"116":{"start":{"line":334,"column":2},"end":{"line":352,"column":3}},"117":{"start":{"line":335,"column":4},"end":{"line":339,"column":5}},"118":{"start":{"line":336,"column":6},"end":{"line":336,"column":40}},"119":{"start":{"line":338,"column":6},"end":{"line":338,"column":57}},"120":{"start":{"line":341,"column":4},"end":{"line":344,"column":7}},"121":{"start":{"line":346,"column":4},"end":{"line":346,"column":44}},"122":{"start":{"line":347,"column":4},"end":{"line":351,"column":7}},"123":{"start":{"line":333,"column":13},"end":{"line":333,"column":22}},"124":{"start":{"line":355,"column":30},"end":{"line":397,"column":1}},"125":{"start":{"line":356,"column":2},"end":{"line":396,"column":3}},"126":{"start":{"line":357,"column":4},"end":{"line":364,"column":5}},"127":{"start":{"line":358,"column":6},"end":{"line":362,"column":9}},"128":{"start":{"line":363,"column":6},"end":{"line":363,"column":13}},"129":{"start":{"line":366,"column":4},"end":{"line":388,"column":7}},"130":{"start":{"line":390,"column":4},"end":{"line":390,"column":60}},"131":{"start":{"line":391,"column":4},"end":{"line":395,"column":7}},"132":{"start":{"line":355,"column":13},"end":{"line":355,"column":30}},"133":{"start":{"line":399,"column":29},"end":{"line":465,"column":1}},"134":{"start":{"line":400,"column":2},"end":{"line":464,"column":3}},"135":{"start":{"line":401,"column":4},"end":{"line":408,"column":5}},"136":{"start":{"line":402,"column":6},"end":{"line":406,"column":9}},"137":{"start":{"line":407,"column":6},"end":{"line":407,"column":13}},"138":{"start":{"line":410,"column":77},"end":{"line":410,"column":85}},"139":{"start":{"line":412,"column":4},"end":{"line":412,"column":50}},"140":{"start":{"line":412,"column":19},"end":{"line":412,"column":50}},"141":{"start":{"line":413,"column":4},"end":{"line":413,"column":47}},"142":{"start":{"line":413,"column":18},"end":{"line":413,"column":47}},"143":{"start":{"line":414,"column":4},"end":{"line":414,"column":52}},"144":{"start":{"line":414,"column":29},"end":{"line":414,"column":52}},"145":{"start":{"line":415,"column":4},"end":{"line":415,"column":97}},"146":{"start":{"line":415,"column":37},"end":{"line":415,"column":97}},"147":{"start":{"line":417,"column":27},"end":{"line":417,"column":74}},"148":{"start":{"line":418,"column":4},"end":{"line":432,"column":5}},"149":{"start":{"line":419,"column":6},"end":{"line":431,"column":7}},"150":{"start":{"line":420,"column":8},"end":{"line":427,"column":9}},"151":{"start":{"line":421,"column":28},"end":{"line":421,"column":52}},"152":{"start":{"line":422,"column":10},"end":{"line":422,"column":41}},"153":{"start":{"line":423,"column":10},"end":{"line":423,"column":38}},"154":{"start":{"line":425,"column":10},"end":{"line":425,"column":105}},"155":{"start":{"line":426,"column":10},"end":{"line":426,"column":17}},"156":{"start":{"line":429,"column":8},"end":{"line":429,"column":62}},"157":{"start":{"line":430,"column":8},"end":{"line":430,"column":46}},"158":{"start":{"line":434,"column":4},"end":{"line":434,"column":26}},"159":{"start":{"line":436,"column":4},"end":{"line":436,"column":51}},"160":{"start":{"line":438,"column":4},"end":{"line":456,"column":7}},"161":{"start":{"line":458,"column":4},"end":{"line":458,"column":54}},"162":{"start":{"line":459,"column":4},"end":{"line":463,"column":7}},"163":{"start":{"line":399,"column":13},"end":{"line":399,"column":29}},"164":{"start":{"line":467,"column":30},"end":{"line":564,"column":1}},"165":{"start":{"line":468,"column":2},"end":{"line":563,"column":3}},"166":{"start":{"line":469,"column":4},"end":{"line":476,"column":5}},"167":{"start":{"line":470,"column":6},"end":{"line":474,"column":9}},"168":{"start":{"line":475,"column":6},"end":{"line":475,"column":13}},"169":{"start":{"line":478,"column":60},"end":{"line":478,"column":68}},"170":{"start":{"line":480,"column":4},"end":{"line":487,"column":5}},"171":{"start":{"line":481,"column":6},"end":{"line":485,"column":9}},"172":{"start":{"line":486,"column":6},"end":{"line":486,"column":13}},"173":{"start":{"line":489,"column":17},"end":{"line":489,"column":70}},"174":{"start":{"line":490,"column":4},"end":{"line":497,"column":5}},"175":{"start":{"line":491,"column":6},"end":{"line":495,"column":9}},"176":{"start":{"line":496,"column":6},"end":{"line":496,"column":13}},"177":{"start":{"line":499,"column":20},"end":{"line":499,"column":63}},"178":{"start":{"line":500,"column":4},"end":{"line":507,"column":5}},"179":{"start":{"line":501,"column":6},"end":{"line":505,"column":9}},"180":{"start":{"line":506,"column":6},"end":{"line":506,"column":13}},"181":{"start":{"line":510,"column":42},"end":{"line":511,"column":81}},"182":{"start":{"line":513,"column":4},"end":{"line":546,"column":5}},"183":{"start":{"line":514,"column":25},"end":{"line":514,"column":56}},"184":{"start":{"line":515,"column":6},"end":{"line":522,"column":7}},"185":{"start":{"line":516,"column":8},"end":{"line":520,"column":11}},"186":{"start":{"line":521,"column":8},"end":{"line":521,"column":15}},"187":{"start":{"line":524,"column":33},"end":{"line":524,"column":64}},"188":{"start":{"line":525,"column":6},"end":{"line":532,"column":7}},"189":{"start":{"line":526,"column":8},"end":{"line":530,"column":11}},"190":{"start":{"line":531,"column":8},"end":{"line":531,"column":15}},"191":{"start":{"line":533,"column":6},"end":{"line":533,"column":46}},"192":{"start":{"line":534,"column":11},"end":{"line":546,"column":5}},"193":{"start":{"line":536,"column":33},"end":{"line":536,"column":67}},"194":{"start":{"line":537,"column":6},"end":{"line":544,"column":7}},"195":{"start":{"line":538,"column":8},"end":{"line":542,"column":11}},"196":{"start":{"line":543,"column":8},"end":{"line":543,"column":15}},"197":{"start":{"line":545,"column":6},"end":{"line":545,"column":46}},"198":{"start":{"line":548,"column":4},"end":{"line":548,"column":32}},"199":{"start":{"line":549,"column":4},"end":{"line":549,"column":36}},"200":{"start":{"line":550,"column":4},"end":{"line":550,"column":22}},"201":{"start":{"line":552,"column":4},"end":{"line":555,"column":7}},"202":{"start":{"line":557,"column":4},"end":{"line":557,"column":55}},"203":{"start":{"line":558,"column":4},"end":{"line":562,"column":7}},"204":{"start":{"line":467,"column":13},"end":{"line":467,"column":30}},"205":{"start":{"line":573,"column":70},"end":{"line":576,"column":2}},"206":{"start":{"line":580,"column":19},"end":{"line":581,"column":20}},"207":{"start":{"line":581,"column":2},"end":{"line":581,"column":20}},"208":{"start":{"line":588,"column":29},"end":{"line":611,"column":1}},"209":{"start":{"line":593,"column":22},"end":{"line":593,"column":77}},"210":{"start":{"line":594,"column":16},"end":{"line":597,"column":4}},"211":{"start":{"line":599,"column":15},"end":{"line":599,"column":83}},"212":{"start":{"line":601,"column":2},"end":{"line":603,"column":3}},"213":{"start":{"line":602,"column":4},"end":{"line":602,"column":39}},"214":{"start":{"line":605,"column":20},"end":{"line":605,"column":56}},"215":{"start":{"line":606,"column":2},"end":{"line":608,"column":3}},"216":{"start":{"line":607,"column":4},"end":{"line":607,"column":39}},"217":{"start":{"line":610,"column":2},"end":{"line":610,"column":18}},"218":{"start":{"line":613,"column":30},"end":{"line":665,"column":1}},"219":{"start":{"line":614,"column":2},"end":{"line":664,"column":3}},"220":{"start":{"line":615,"column":22},"end":{"line":615,"column":51}},"221":{"start":{"line":616,"column":4},"end":{"line":623,"column":5}},"222":{"start":{"line":617,"column":6},"end":{"line":621,"column":9}},"223":{"start":{"line":622,"column":6},"end":{"line":622,"column":13}},"224":{"start":{"line":625,"column":28},"end":{"line":625,"column":49}},"225":{"start":{"line":626,"column":17},"end":{"line":626,"column":63}},"226":{"start":{"line":628,"column":4},"end":{"line":651,"column":5}},"227":{"start":{"line":629,"column":20},"end":{"line":629,"column":58}},"228":{"start":{"line":630,"column":26},"end":{"line":630,"column":81}},"229":{"start":{"line":631,"column":6},"end":{"line":631,"column":44}},"230":{"start":{"line":632,"column":6},"end":{"line":632,"column":93}},"231":{"start":{"line":634,"column":6},"end":{"line":634,"column":53}},"232":{"start":{"line":637,"column":24},"end":{"line":637,"column":62}},"233":{"start":{"line":641,"column":6},"end":{"line":643,"column":8}},"234":{"start":{"line":645,"column":6},"end":{"line":650,"column":9}},"235":{"start":{"line":653,"column":4},"end":{"line":656,"column":7}},"236":{"start":{"line":658,"column":4},"end":{"line":658,"column":66}},"237":{"start":{"line":659,"column":4},"end":{"line":663,"column":7}},"238":{"start":{"line":613,"column":13},"end":{"line":613,"column":30}},"239":{"start":{"line":667,"column":29},"end":{"line":753,"column":1}},"240":{"start":{"line":668,"column":2},"end":{"line":752,"column":3}},"241":{"start":{"line":669,"column":57},"end":{"line":669,"column":147}},"242":{"start":{"line":671,"column":4},"end":{"line":678,"column":5}},"243":{"start":{"line":672,"column":6},"end":{"line":676,"column":9}},"244":{"start":{"line":677,"column":6},"end":{"line":677,"column":13}},"245":{"start":{"line":680,"column":4},"end":{"line":687,"column":5}},"246":{"start":{"line":681,"column":6},"end":{"line":685,"column":9}},"247":{"start":{"line":686,"column":6},"end":{"line":686,"column":13}},"248":{"start":{"line":689,"column":19},"end":{"line":689,"column":83}},"249":{"start":{"line":691,"column":4},"end":{"line":700,"column":5}},"250":{"start":{"line":692,"column":22},"end":{"line":692,"column":61}},"251":{"start":{"line":693,"column":6},"end":{"line":698,"column":9}},"252":{"start":{"line":699,"column":6},"end":{"line":699,"column":13}},"253":{"start":{"line":702,"column":21},"end":{"line":702,"column":27}},"254":{"start":{"line":707,"column":37},"end":{"line":707,"column":68}},"255":{"start":{"line":708,"column":42},"end":{"line":709,"column":81}},"256":{"start":{"line":711,"column":4},"end":{"line":732,"column":5}},"257":{"start":{"line":712,"column":6},"end":{"line":720,"column":7}},"258":{"start":{"line":713,"column":8},"end":{"line":718,"column":11}},"259":{"start":{"line":719,"column":8},"end":{"line":719,"column":15}},"260":{"start":{"line":722,"column":33},"end":{"line":722,"column":67}},"261":{"start":{"line":723,"column":6},"end":{"line":730,"column":7}},"262":{"start":{"line":724,"column":8},"end":{"line":728,"column":11}},"263":{"start":{"line":729,"column":8},"end":{"line":729,"column":15}},"264":{"start":{"line":731,"column":6},"end":{"line":731,"column":46}},"265":{"start":{"line":734,"column":4},"end":{"line":734,"column":32}},"266":{"start":{"line":735,"column":4},"end":{"line":735,"column":36}},"267":{"start":{"line":736,"column":4},"end":{"line":736,"column":40}},"268":{"start":{"line":737,"column":4},"end":{"line":737,"column":42}},"269":{"start":{"line":738,"column":4},"end":{"line":738,"column":34}},"270":{"start":{"line":739,"column":4},"end":{"line":739,"column":22}},"271":{"start":{"line":741,"column":4},"end":{"line":744,"column":7}},"272":{"start":{"line":746,"column":4},"end":{"line":746,"column":60}},"273":{"start":{"line":747,"column":4},"end":{"line":751,"column":7}},"274":{"start":{"line":667,"column":13},"end":{"line":667,"column":29}},"275":{"start":{"line":755,"column":27},"end":{"line":802,"column":1}},"276":{"start":{"line":756,"column":2},"end":{"line":801,"column":3}},"277":{"start":{"line":757,"column":29},"end":{"line":757,"column":74}},"278":{"start":{"line":759,"column":4},"end":{"line":766,"column":5}},"279":{"start":{"line":760,"column":6},"end":{"line":764,"column":9}},"280":{"start":{"line":765,"column":6},"end":{"line":765,"column":13}},"281":{"start":{"line":768,"column":24},"end":{"line":768,"column":79}},"282":{"start":{"line":769,"column":17},"end":{"line":773,"column":6}},"283":{"start":{"line":775,"column":4},"end":{"line":782,"column":5}},"284":{"start":{"line":776,"column":6},"end":{"line":780,"column":9}},"285":{"start":{"line":781,"column":6},"end":{"line":781,"column":13}},"286":{"start":{"line":784,"column":4},"end":{"line":784,"column":27}},"287":{"start":{"line":785,"column":4},"end":{"line":785,"column":39}},"288":{"start":{"line":786,"column":4},"end":{"line":786,"column":41}},"289":{"start":{"line":788,"column":4},"end":{"line":788,"column":51}},"290":{"start":{"line":790,"column":4},"end":{"line":793,"column":7}},"291":{"start":{"line":795,"column":4},"end":{"line":795,"column":53}},"292":{"start":{"line":796,"column":4},"end":{"line":800,"column":7}},"293":{"start":{"line":755,"column":13},"end":{"line":755,"column":27}},"294":{"start":{"line":804,"column":29},"end":{"line":844,"column":1}},"295":{"start":{"line":805,"column":2},"end":{"line":843,"column":3}},"296":{"start":{"line":806,"column":4},"end":{"line":813,"column":5}},"297":{"start":{"line":807,"column":6},"end":{"line":811,"column":9}},"298":{"start":{"line":812,"column":6},"end":{"line":812,"column":13}},"299":{"start":{"line":815,"column":21},"end":{"line":823,"column":11}},"300":{"start":{"line":825,"column":30},"end":{"line":830,"column":7}},"301":{"start":{"line":825,"column":51},"end":{"line":830,"column":6}},"302":{"start":{"line":832,"column":4},"end":{"line":835,"column":7}},"303":{"start":{"line":837,"column":4},"end":{"line":837,"column":70}},"304":{"start":{"line":838,"column":4},"end":{"line":842,"column":7}},"305":{"start":{"line":804,"column":13},"end":{"line":804,"column":29}},"306":{"start":{"line":846,"column":32},"end":{"line":890,"column":1}},"307":{"start":{"line":847,"column":2},"end":{"line":889,"column":3}},"308":{"start":{"line":848,"column":29},"end":{"line":848,"column":74}},"309":{"start":{"line":850,"column":4},"end":{"line":856,"column":5}},"310":{"start":{"line":851,"column":6},"end":{"line":854,"column":9}},"311":{"start":{"line":855,"column":6},"end":{"line":855,"column":13}},"312":{"start":{"line":858,"column":19},"end":{"line":858,"column":59}},"313":{"start":{"line":860,"column":4},"end":{"line":868,"column":5}},"314":{"start":{"line":861,"column":6},"end":{"line":861,"column":92}},"315":{"start":{"line":862,"column":6},"end":{"line":866,"column":9}},"316":{"start":{"line":867,"column":6},"end":{"line":867,"column":13}},"317":{"start":{"line":870,"column":21},"end":{"line":870,"column":27}},"318":{"start":{"line":871,"column":37},"end":{"line":871,"column":68}},"319":{"start":{"line":872,"column":34},"end":{"line":873,"column":82}},"320":{"start":{"line":875,"column":4},"end":{"line":882,"column":7}},"321":{"start":{"line":884,"column":4},"end":{"line":884,"column":61}},"322":{"start":{"line":885,"column":4},"end":{"line":888,"column":7}},"323":{"start":{"line":846,"column":13},"end":{"line":846,"column":32}},"324":{"start":{"line":893,"column":27},"end":{"line":941,"column":1}},"325":{"start":{"line":894,"column":2},"end":{"line":940,"column":3}},"326":{"start":{"line":895,"column":4},"end":{"line":902,"column":5}},"327":{"start":{"line":896,"column":6},"end":{"line":900,"column":9}},"328":{"start":{"line":901,"column":6},"end":{"line":901,"column":13}},"329":{"start":{"line":904,"column":17},"end":{"line":904,"column":50}},"330":{"start":{"line":905,"column":4},"end":{"line":912,"column":5}},"331":{"start":{"line":906,"column":6},"end":{"line":910,"column":9}},"332":{"start":{"line":911,"column":6},"end":{"line":911,"column":13}},"333":{"start":{"line":915,"column":4},"end":{"line":923,"column":6}},"334":{"start":{"line":925,"column":4},"end":{"line":932,"column":7}},"335":{"start":{"line":934,"column":4},"end":{"line":934,"column":54}},"336":{"start":{"line":935,"column":4},"end":{"line":939,"column":7}},"337":{"start":{"line":893,"column":13},"end":{"line":893,"column":27}},"338":{"start":{"line":943,"column":23},"end":{"line":1190,"column":1}},"339":{"start":{"line":944,"column":2},"end":{"line":1189,"column":3}},"340":{"start":{"line":945,"column":41},"end":{"line":945,"column":49}},"341":{"start":{"line":948,"column":21},"end":{"line":948,"column":77}},"342":{"start":{"line":949,"column":4},"end":{"line":952,"column":5}},"343":{"start":{"line":950,"column":6},"end":{"line":950,"column":118}},"344":{"start":{"line":951,"column":6},"end":{"line":951,"column":13}},"345":{"start":{"line":954,"column":20},"end":{"line":954,"column":22}},"346":{"start":{"line":955,"column":24},"end":{"line":955,"column":26}},"347":{"start":{"line":956,"column":23},"end":{"line":956,"column":25}},"348":{"start":{"line":957,"column":25},"end":{"line":957,"column":27}},"349":{"start":{"line":958,"column":23},"end":{"line":958,"column":25}},"350":{"start":{"line":960,"column":4},"end":{"line":1092,"column":5}},"351":{"start":{"line":961,"column":6},"end":{"line":964,"column":7}},"352":{"start":{"line":962,"column":8},"end":{"line":962,"column":98}},"353":{"start":{"line":963,"column":8},"end":{"line":963,"column":15}},"354":{"start":{"line":968,"column":6},"end":{"line":975,"column":7}},"355":{"start":{"line":969,"column":8},"end":{"line":969,"column":111}},"356":{"start":{"line":970,"column":8},"end":{"line":973,"column":11}},"357":{"start":{"line":974,"column":8},"end":{"line":974,"column":15}},"358":{"start":{"line":978,"column":6},"end":{"line":987,"column":7}},"359":{"start":{"line":979,"column":8},"end":{"line":982,"column":11}},"360":{"start":{"line":984,"column":8},"end":{"line":984,"column":81}},"361":{"start":{"line":985,"column":8},"end":{"line":985,"column":94}},"362":{"start":{"line":986,"column":8},"end":{"line":986,"column":15}},"363":{"start":{"line":989,"column":6},"end":{"line":989,"column":103}},"364":{"start":{"line":990,"column":6},"end":{"line":990,"column":72}},"365":{"start":{"line":991,"column":6},"end":{"line":991,"column":46}},"366":{"start":{"line":992,"column":6},"end":{"line":992,"column":63}},"367":{"start":{"line":993,"column":6},"end":{"line":993,"column":54}},"368":{"start":{"line":995,"column":6},"end":{"line":998,"column":7}},"369":{"start":{"line":996,"column":8},"end":{"line":996,"column":123}},"370":{"start":{"line":997,"column":8},"end":{"line":997,"column":15}},"371":{"start":{"line":999,"column":11},"end":{"line":1092,"column":5}},"372":{"start":{"line":1000,"column":6},"end":{"line":1003,"column":7}},"373":{"start":{"line":1001,"column":8},"end":{"line":1001,"column":130}},"374":{"start":{"line":1002,"column":8},"end":{"line":1002,"column":15}},"375":{"start":{"line":1005,"column":30},"end":{"line":1005,"column":56}},"376":{"start":{"line":1006,"column":6},"end":{"line":1006,"column":34}},"377":{"start":{"line":1009,"column":6},"end":{"line":1091,"column":7}},"378":{"start":{"line":1011,"column":21},"end":{"line":1011,"column":43}},"379":{"start":{"line":1012,"column":28},"end":{"line":1012,"column":59}},"380":{"start":{"line":1013,"column":27},"end":{"line":1013,"column":77}},"381":{"start":{"line":1014,"column":38},"end":{"line":1014,"column":78}},"382":{"start":{"line":1016,"column":25},"end":{"line":1049,"column":10}},"383":{"start":{"line":1016,"column":31},"end":{"line":1049,"column":10}},"384":{"start":{"line":1017,"column":10},"end":{"line":1048,"column":13}},"385":{"start":{"line":1018,"column":12},"end":{"line":1018,"column":94}},"386":{"start":{"line":1018,"column":21},"end":{"line":1018,"column":94}},"387":{"start":{"line":1022,"column":33},"end":{"line":1022,"column":71}},"388":{"start":{"line":1023,"column":31},"end":{"line":1026,"column":14}},"389":{"start":{"line":1028,"column":12},"end":{"line":1047,"column":15}},"390":{"start":{"line":1029,"column":14},"end":{"line":1029,"column":54}},"391":{"start":{"line":1029,"column":29},"end":{"line":1029,"column":54}},"392":{"start":{"line":1031,"column":36},"end":{"line":1031,"column":40}},"393":{"start":{"line":1033,"column":14},"end":{"line":1035,"column":17}},"394":{"start":{"line":1034,"column":16},"end":{"line":1034,"column":42}},"395":{"start":{"line":1037,"column":14},"end":{"line":1039,"column":17}},"396":{"start":{"line":1038,"column":16},"end":{"line":1038,"column":28}},"397":{"start":{"line":1041,"column":14},"end":{"line":1046,"column":17}},"398":{"start":{"line":1042,"column":16},"end":{"line":1044,"column":17}},"399":{"start":{"line":1043,"column":18},"end":{"line":1043,"column":93}},"400":{"start":{"line":1045,"column":16},"end":{"line":1045,"column":36}},"401":{"start":{"line":1051,"column":32},"end":{"line":1051,"column":48}},"402":{"start":{"line":1054,"column":27},"end":{"line":1054,"column":77}},"403":{"start":{"line":1055,"column":35},"end":{"line":1061,"column":10}},"404":{"start":{"line":1055,"column":41},"end":{"line":1061,"column":10}},"405":{"start":{"line":1056,"column":10},"end":{"line":1060,"column":13}},"406":{"start":{"line":1057,"column":12},"end":{"line":1057,"column":33}},"407":{"start":{"line":1058,"column":12},"end":{"line":1058,"column":84}},"408":{"start":{"line":1058,"column":21},"end":{"line":1058,"column":84}},"409":{"start":{"line":1059,"column":12},"end":{"line":1059,"column":22}},"410":{"start":{"line":1063,"column":8},"end":{"line":1063,"column":35}},"411":{"start":{"line":1064,"column":8},"end":{"line":1064,"column":29}},"412":{"start":{"line":1067,"column":8},"end":{"line":1067,"column":89}},"413":{"start":{"line":1068,"column":8},"end":{"line":1068,"column":48}},"414":{"start":{"line":1069,"column":8},"end":{"line":1069,"column":74}},"415":{"start":{"line":1070,"column":8},"end":{"line":1070,"column":62}},"416":{"start":{"line":1073,"column":8},"end":{"line":1073,"column":62}},"417":{"start":{"line":1077,"column":8},"end":{"line":1080,"column":9}},"418":{"start":{"line":1078,"column":10},"end":{"line":1078,"column":111}},"419":{"start":{"line":1079,"column":10},"end":{"line":1079,"column":17}},"420":{"start":{"line":1082,"column":8},"end":{"line":1082,"column":103}},"421":{"start":{"line":1083,"column":8},"end":{"line":1086,"column":9}},"422":{"start":{"line":1084,"column":10},"end":{"line":1084,"column":127}},"423":{"start":{"line":1085,"column":10},"end":{"line":1085,"column":17}},"424":{"start":{"line":1087,"column":8},"end":{"line":1087,"column":54}},"425":{"start":{"line":1088,"column":8},"end":{"line":1088,"column":33}},"426":{"start":{"line":1089,"column":8},"end":{"line":1089,"column":42}},"427":{"start":{"line":1090,"column":8},"end":{"line":1090,"column":38}},"428":{"start":{"line":1095,"column":15},"end":{"line":1095,"column":79}},"429":{"start":{"line":1096,"column":20},"end":{"line":1096,"column":25}},"430":{"start":{"line":1098,"column":4},"end":{"line":1125,"column":5}},"431":{"start":{"line":1099,"column":6},"end":{"line":1099,"column":23}},"432":{"start":{"line":1100,"column":27},"end":{"line":1100,"column":50}},"433":{"start":{"line":1101,"column":26},"end":{"line":1101,"column":38}},"434":{"start":{"line":1102,"column":19},"end":{"line":1102,"column":20}},"435":{"start":{"line":1103,"column":6},"end":{"line":1106,"column":7}},"436":{"start":{"line":1104,"column":8},"end":{"line":1104,"column":51}},"437":{"start":{"line":1105,"column":8},"end":{"line":1105,"column":17}},"438":{"start":{"line":1108,"column":29},"end":{"line":1108,"column":76}},"439":{"start":{"line":1111,"column":6},"end":{"line":1124,"column":9}},"440":{"start":{"line":1127,"column":4},"end":{"line":1135,"column":5}},"441":{"start":{"line":1129,"column":6},"end":{"line":1134,"column":7}},"442":{"start":{"line":1130,"column":47},"end":{"line":1130,"column":82}},"443":{"start":{"line":1131,"column":8},"end":{"line":1131,"column":43}},"444":{"start":{"line":1133,"column":8},"end":{"line":1133,"column":104}},"445":{"start":{"line":1137,"column":4},"end":{"line":1140,"column":5}},"446":{"start":{"line":1138,"column":6},"end":{"line":1138,"column":129}},"447":{"start":{"line":1139,"column":6},"end":{"line":1139,"column":13}},"448":{"start":{"line":1142,"column":37},"end":{"line":1142,"column":68}},"449":{"start":{"line":1145,"column":40},"end":{"line":1146,"column":82}},"450":{"start":{"line":1148,"column":18},"end":{"line":1148,"column":49}},"451":{"start":{"line":1149,"column":28},"end":{"line":1149,"column":66}},"452":{"start":{"line":1151,"column":4},"end":{"line":1151,"column":32}},"453":{"start":{"line":1152,"column":4},"end":{"line":1152,"column":40}},"454":{"start":{"line":1153,"column":4},"end":{"line":1153,"column":51}},"455":{"start":{"line":1155,"column":4},"end":{"line":1155,"column":47}},"456":{"start":{"line":1157,"column":4},"end":{"line":1184,"column":7}},"457":{"start":{"line":1187,"column":4},"end":{"line":1187,"column":45}},"458":{"start":{"line":1188,"column":4},"end":{"line":1188,"column":112}},"459":{"start":{"line":943,"column":13},"end":{"line":943,"column":23}},"460":{"start":{"line":1192,"column":27},"end":{"line":1214,"column":1}},"461":{"start":{"line":1193,"column":2},"end":{"line":1213,"column":3}},"462":{"start":{"line":1194,"column":21},"end":{"line":1194,"column":77}},"463":{"start":{"line":1195,"column":4},"end":{"line":1206,"column":7}},"464":{"start":{"line":1208,"column":4},"end":{"line":1208,"column":68}},"465":{"start":{"line":1209,"column":4},"end":{"line":1212,"column":7}},"466":{"start":{"line":1192,"column":13},"end":{"line":1192,"column":27}}},"fnMap":{"0":{"name":"(anonymous_10)","decl":{"start":{"line":40,"column":23},"end":{"line":40,"column":24}},"loc":{"start":{"line":40,"column":50},"end":{"line":40,"column":76}}},"1":{"name":"(anonymous_11)","decl":{"start":{"line":42,"column":22},"end":{"line":42,"column":23}},"loc":{"start":{"line":42,"column":45},"end":{"line":46,"column":1}}},"2":{"name":"(anonymous_12)","decl":{"start":{"line":48,"column":29},"end":{"line":48,"column":30}},"loc":{"start":{"line":48,"column":52},"end":{"line":52,"column":1}}},"3":{"name":"(anonymous_13)","decl":{"start":{"line":54,"column":24},"end":{"line":54,"column":29}},"loc":{"start":{"line":54,"column":81},"end":{"line":157,"column":1}}},"4":{"name":"(anonymous_14)","decl":{"start":{"line":129,"column":13},"end":{"line":129,"column":14}},"loc":{"start":{"line":129,"column":27},"end":{"line":129,"column":38}}},"5":{"name":"(anonymous_15)","decl":{"start":{"line":159,"column":21},"end":{"line":159,"column":26}},"loc":{"start":{"line":159,"column":78},"end":{"line":268,"column":1}}},"6":{"name":"(anonymous_16)","decl":{"start":{"line":270,"column":28},"end":{"line":270,"column":33}},"loc":{"start":{"line":270,"column":85},"end":{"line":331,"column":1}}},"7":{"name":"(anonymous_17)","decl":{"start":{"line":333,"column":22},"end":{"line":333,"column":27}},"loc":{"start":{"line":333,"column":79},"end":{"line":353,"column":1}}},"8":{"name":"(anonymous_18)","decl":{"start":{"line":355,"column":30},"end":{"line":355,"column":35}},"loc":{"start":{"line":355,"column":87},"end":{"line":397,"column":1}}},"9":{"name":"(anonymous_19)","decl":{"start":{"line":399,"column":29},"end":{"line":399,"column":34}},"loc":{"start":{"line":399,"column":86},"end":{"line":465,"column":1}}},"10":{"name":"(anonymous_20)","decl":{"start":{"line":467,"column":30},"end":{"line":467,"column":35}},"loc":{"start":{"line":467,"column":87},"end":{"line":564,"column":1}}},"11":{"name":"(anonymous_21)","decl":{"start":{"line":580,"column":19},"end":{"line":580,"column":20}},"loc":{"start":{"line":581,"column":2},"end":{"line":581,"column":20}}},"12":{"name":"(anonymous_22)","decl":{"start":{"line":588,"column":29},"end":{"line":588,"column":34}},"loc":{"start":{"line":592,"column":31},"end":{"line":611,"column":1}}},"13":{"name":"(anonymous_23)","decl":{"start":{"line":613,"column":30},"end":{"line":613,"column":35}},"loc":{"start":{"line":613,"column":87},"end":{"line":665,"column":1}}},"14":{"name":"(anonymous_24)","decl":{"start":{"line":667,"column":29},"end":{"line":667,"column":34}},"loc":{"start":{"line":667,"column":86},"end":{"line":753,"column":1}}},"15":{"name":"(anonymous_25)","decl":{"start":{"line":755,"column":27},"end":{"line":755,"column":32}},"loc":{"start":{"line":755,"column":84},"end":{"line":802,"column":1}}},"16":{"name":"(anonymous_26)","decl":{"start":{"line":804,"column":29},"end":{"line":804,"column":34}},"loc":{"start":{"line":804,"column":86},"end":{"line":844,"column":1}}},"17":{"name":"(anonymous_27)","decl":{"start":{"line":825,"column":43},"end":{"line":825,"column":46}},"loc":{"start":{"line":825,"column":51},"end":{"line":830,"column":6}}},"18":{"name":"(anonymous_28)","decl":{"start":{"line":846,"column":32},"end":{"line":846,"column":37}},"loc":{"start":{"line":846,"column":85},"end":{"line":890,"column":1}}},"19":{"name":"(anonymous_29)","decl":{"start":{"line":893,"column":27},"end":{"line":893,"column":32}},"loc":{"start":{"line":893,"column":84},"end":{"line":941,"column":1}}},"20":{"name":"(anonymous_30)","decl":{"start":{"line":943,"column":23},"end":{"line":943,"column":28}},"loc":{"start":{"line":943,"column":76},"end":{"line":1190,"column":1}}},"21":{"name":"(anonymous_31)","decl":{"start":{"line":1011,"column":21},"end":{"line":1011,"column":34}},"loc":{"start":{"line":1011,"column":21},"end":{"line":1011,"column":43}}},"22":{"name":"(anonymous_32)","decl":{"start":{"line":1012,"column":28},"end":{"line":1012,"column":41}},"loc":{"start":{"line":1012,"column":28},"end":{"line":1012,"column":59}}},"23":{"name":"(anonymous_33)","decl":{"start":{"line":1016,"column":25},"end":{"line":1016,"column":28}},"loc":{"start":{"line":1016,"column":31},"end":{"line":1049,"column":10}}},"24":{"name":"(anonymous_34)","decl":{"start":{"line":1016,"column":48},"end":{"line":1016,"column":49}},"loc":{"start":{"line":1016,"column":68},"end":{"line":1049,"column":9}}},"25":{"name":"(anonymous_35)","decl":{"start":{"line":1017,"column":76},"end":{"line":1017,"column":77}},"loc":{"start":{"line":1017,"column":89},"end":{"line":1048,"column":11}}},"26":{"name":"(anonymous_36)","decl":{"start":{"line":1028,"column":69},"end":{"line":1028,"column":70}},"loc":{"start":{"line":1028,"column":104},"end":{"line":1047,"column":13}}},"27":{"name":"(anonymous_37)","decl":{"start":{"line":1033,"column":42},"end":{"line":1033,"column":43}},"loc":{"start":{"line":1033,"column":57},"end":{"line":1035,"column":15}}},"28":{"name":"(anonymous_38)","decl":{"start":{"line":1037,"column":36},"end":{"line":1037,"column":37}},"loc":{"start":{"line":1037,"column":49},"end":{"line":1039,"column":15}}},"29":{"name":"(anonymous_39)","decl":{"start":{"line":1041,"column":34},"end":{"line":1041,"column":35}},"loc":{"start":{"line":1041,"column":50},"end":{"line":1046,"column":15}}},"30":{"name":"(anonymous_40)","decl":{"start":{"line":1055,"column":35},"end":{"line":1055,"column":38}},"loc":{"start":{"line":1055,"column":41},"end":{"line":1061,"column":10}}},"31":{"name":"(anonymous_41)","decl":{"start":{"line":1055,"column":59},"end":{"line":1055,"column":60}},"loc":{"start":{"line":1055,"column":79},"end":{"line":1061,"column":9}}},"32":{"name":"(anonymous_42)","decl":{"start":{"line":1056,"column":56},"end":{"line":1056,"column":57}},"loc":{"start":{"line":1056,"column":69},"end":{"line":1060,"column":11}}},"33":{"name":"(anonymous_43)","decl":{"start":{"line":1130,"column":47},"end":{"line":1130,"column":60}},"loc":{"start":{"line":1130,"column":47},"end":{"line":1130,"column":82}}},"34":{"name":"(anonymous_44)","decl":{"start":{"line":1192,"column":27},"end":{"line":1192,"column":32}},"loc":{"start":{"line":1192,"column":81},"end":{"line":1214,"column":1}}}},"branchMap":{"0":{"loc":{"start":{"line":36,"column":39},"end":{"line":36,"column":86}},"type":"binary-expr","locations":[{"start":{"line":36,"column":39},"end":{"line":36,"column":80}},{"start":{"line":36,"column":84},"end":{"line":36,"column":86}}]},"1":{"loc":{"start":{"line":37,"column":40},"end":{"line":37,"column":85}},"type":"binary-expr","locations":[{"start":{"line":37,"column":40},"end":{"line":37,"column":79}},{"start":{"line":37,"column":83},"end":{"line":37,"column":85}}]},"2":{"loc":{"start":{"line":38,"column":17},"end":{"line":38,"column":53}},"type":"binary-expr","locations":[{"start":{"line":38,"column":17},"end":{"line":38,"column":37}},{"start":{"line":38,"column":41},"end":{"line":38,"column":53}}]},"3":{"loc":{"start":{"line":44,"column":15},"end":{"line":44,"column":45}},"type":"binary-expr","locations":[{"start":{"line":44,"column":15},"end":{"line":44,"column":37}},{"start":{"line":44,"column":41},"end":{"line":44,"column":45}}]},"4":{"loc":{"start":{"line":50,"column":15},"end":{"line":50,"column":54}},"type":"binary-expr","locations":[{"start":{"line":50,"column":15},"end":{"line":50,"column":45}},{"start":{"line":50,"column":49},"end":{"line":50,"column":54}}]},"5":{"loc":{"start":{"line":60,"column":48},"end":{"line":60,"column":73}},"type":"binary-expr","locations":[{"start":{"line":60,"column":48},"end":{"line":60,"column":56}},{"start":{"line":60,"column":60},"end":{"line":60,"column":73}}]},"6":{"loc":{"start":{"line":69,"column":4},"end":{"line":76,"column":5}},"type":"if","locations":[{"start":{"line":69,"column":4},"end":{"line":76,"column":5}},{"start":{},"end":{}}]},"7":{"loc":{"start":{"line":105,"column":14},"end":{"line":105,"column":45}},"type":"binary-expr","locations":[{"start":{"line":105,"column":14},"end":{"line":105,"column":28}},{"start":{"line":105,"column":32},"end":{"line":105,"column":45}}]},"8":{"loc":{"start":{"line":119,"column":15},"end":{"line":121,"column":147}},"type":"cond-expr","locations":[{"start":{"line":120,"column":10},"end":{"line":120,"column":96}},{"start":{"line":121,"column":10},"end":{"line":121,"column":147}}]},"9":{"loc":{"start":{"line":127,"column":4},"end":{"line":137,"column":5}},"type":"if","locations":[{"start":{"line":127,"column":4},"end":{"line":137,"column":5}},{"start":{},"end":{}}]},"10":{"loc":{"start":{"line":128,"column":37},"end":{"line":128,"column":55}},"type":"binary-expr","locations":[{"start":{"line":128,"column":37},"end":{"line":128,"column":49}},{"start":{"line":128,"column":53},"end":{"line":128,"column":55}}]},"11":{"loc":{"start":{"line":133,"column":15},"end":{"line":133,"column":55}},"type":"binary-expr","locations":[{"start":{"line":133,"column":15},"end":{"line":133,"column":23}},{"start":{"line":133,"column":27},"end":{"line":133,"column":55}}]},"12":{"loc":{"start":{"line":134,"column":17},"end":{"line":134,"column":57}},"type":"binary-expr","locations":[{"start":{"line":134,"column":17},"end":{"line":134,"column":25}},{"start":{"line":134,"column":29},"end":{"line":134,"column":57}}]},"13":{"loc":{"start":{"line":140,"column":4},"end":{"line":149,"column":5}},"type":"if","locations":[{"start":{"line":140,"column":4},"end":{"line":149,"column":5}},{"start":{},"end":{}}]},"14":{"loc":{"start":{"line":141,"column":32},"end":{"line":141,"column":52}},"type":"binary-expr","locations":[{"start":{"line":141,"column":32},"end":{"line":141,"column":46}},{"start":{"line":141,"column":50},"end":{"line":141,"column":52}}]},"15":{"loc":{"start":{"line":165,"column":4},"end":{"line":172,"column":5}},"type":"if","locations":[{"start":{"line":165,"column":4},"end":{"line":172,"column":5}},{"start":{},"end":{}}]},"16":{"loc":{"start":{"line":165,"column":8},"end":{"line":165,"column":40}},"type":"binary-expr","locations":[{"start":{"line":165,"column":8},"end":{"line":165,"column":13}},{"start":{"line":165,"column":17},"end":{"line":165,"column":40}}]},"17":{"loc":{"start":{"line":174,"column":4},"end":{"line":181,"column":5}},"type":"if","locations":[{"start":{"line":174,"column":4},"end":{"line":181,"column":5}},{"start":{},"end":{}}]},"18":{"loc":{"start":{"line":185,"column":4},"end":{"line":192,"column":5}},"type":"if","locations":[{"start":{"line":185,"column":4},"end":{"line":192,"column":5}},{"start":{},"end":{}}]},"19":{"loc":{"start":{"line":196,"column":30},"end":{"line":196,"column":74}},"type":"binary-expr","locations":[{"start":{"line":196,"column":30},"end":{"line":196,"column":65}},{"start":{"line":196,"column":69},"end":{"line":196,"column":74}}]},"20":{"loc":{"start":{"line":198,"column":4},"end":{"line":202,"column":5}},"type":"if","locations":[{"start":{"line":198,"column":4},"end":{"line":202,"column":5}},{"start":{},"end":{}}]},"21":{"loc":{"start":{"line":199,"column":38},"end":{"line":199,"column":78}},"type":"binary-expr","locations":[{"start":{"line":199,"column":38},"end":{"line":199,"column":60}},{"start":{"line":199,"column":64},"end":{"line":199,"column":78}}]},"22":{"loc":{"start":{"line":200,"column":59},"end":{"line":200,"column":98}},"type":"binary-expr","locations":[{"start":{"line":200,"column":59},"end":{"line":200,"column":93}},{"start":{"line":200,"column":97},"end":{"line":200,"column":98}}]},"23":{"loc":{"start":{"line":205,"column":26},"end":{"line":205,"column":118}},"type":"cond-expr","locations":[{"start":{"line":205,"column":52},"end":{"line":205,"column":96}},{"start":{"line":205,"column":99},"end":{"line":205,"column":118}}]},"24":{"loc":{"start":{"line":209,"column":42},"end":{"line":210,"column":81}},"type":"binary-expr","locations":[{"start":{"line":209,"column":42},"end":{"line":209,"column":61}},{"start":{"line":210,"column":6},"end":{"line":210,"column":81}}]},"25":{"loc":{"start":{"line":215,"column":4},"end":{"line":220,"column":5}},"type":"if","locations":[{"start":{"line":215,"column":4},"end":{"line":220,"column":5}},{"start":{"line":218,"column":11},"end":{"line":220,"column":5}}]},"26":{"loc":{"start":{"line":218,"column":11},"end":{"line":220,"column":5}},"type":"if","locations":[{"start":{"line":218,"column":11},"end":{"line":220,"column":5}},{"start":{},"end":{}}]},"27":{"loc":{"start":{"line":218,"column":15},"end":{"line":218,"column":83}},"type":"binary-expr","locations":[{"start":{"line":218,"column":15},"end":{"line":218,"column":24}},{"start":{"line":218,"column":29},"end":{"line":218,"column":49}},{"start":{"line":218,"column":53},"end":{"line":218,"column":82}}]},"28":{"loc":{"start":{"line":254,"column":39},"end":{"line":254,"column":108}},"type":"binary-expr","locations":[{"start":{"line":254,"column":39},"end":{"line":254,"column":59}},{"start":{"line":254,"column":63},"end":{"line":254,"column":92}},{"start":{"line":254,"column":96},"end":{"line":254,"column":108}}]},"29":{"loc":{"start":{"line":274,"column":4},"end":{"line":281,"column":5}},"type":"if","locations":[{"start":{"line":274,"column":4},"end":{"line":281,"column":5}},{"start":{},"end":{}}]},"30":{"loc":{"start":{"line":286,"column":4},"end":{"line":293,"column":5}},"type":"if","locations":[{"start":{"line":286,"column":4},"end":{"line":293,"column":5}},{"start":{},"end":{}}]},"31":{"loc":{"start":{"line":286,"column":8},"end":{"line":286,"column":84}},"type":"binary-expr","locations":[{"start":{"line":286,"column":8},"end":{"line":286,"column":13}},{"start":{"line":286,"column":17},"end":{"line":286,"column":57}},{"start":{"line":286,"column":61},"end":{"line":286,"column":84}}]},"32":{"loc":{"start":{"line":335,"column":4},"end":{"line":339,"column":5}},"type":"if","locations":[{"start":{"line":335,"column":4},"end":{"line":339,"column":5}},{"start":{},"end":{}}]},"33":{"loc":{"start":{"line":357,"column":4},"end":{"line":364,"column":5}},"type":"if","locations":[{"start":{"line":357,"column":4},"end":{"line":364,"column":5}},{"start":{},"end":{}}]},"34":{"loc":{"start":{"line":401,"column":4},"end":{"line":408,"column":5}},"type":"if","locations":[{"start":{"line":401,"column":4},"end":{"line":408,"column":5}},{"start":{},"end":{}}]},"35":{"loc":{"start":{"line":412,"column":4},"end":{"line":412,"column":50}},"type":"if","locations":[{"start":{"line":412,"column":4},"end":{"line":412,"column":50}},{"start":{},"end":{}}]},"36":{"loc":{"start":{"line":413,"column":4},"end":{"line":413,"column":47}},"type":"if","locations":[{"start":{"line":413,"column":4},"end":{"line":413,"column":47}},{"start":{},"end":{}}]},"37":{"loc":{"start":{"line":414,"column":4},"end":{"line":414,"column":52}},"type":"if","locations":[{"start":{"line":414,"column":4},"end":{"line":414,"column":52}},{"start":{},"end":{}}]},"38":{"loc":{"start":{"line":415,"column":4},"end":{"line":415,"column":97}},"type":"if","locations":[{"start":{"line":415,"column":4},"end":{"line":415,"column":97}},{"start":{},"end":{}}]},"39":{"loc":{"start":{"line":417,"column":27},"end":{"line":417,"column":74}},"type":"binary-expr","locations":[{"start":{"line":417,"column":27},"end":{"line":417,"column":50}},{"start":{"line":417,"column":54},"end":{"line":417,"column":74}}]},"40":{"loc":{"start":{"line":418,"column":4},"end":{"line":432,"column":5}},"type":"if","locations":[{"start":{"line":418,"column":4},"end":{"line":432,"column":5}},{"start":{},"end":{}}]},"41":{"loc":{"start":{"line":419,"column":6},"end":{"line":431,"column":7}},"type":"if","locations":[{"start":{"line":419,"column":6},"end":{"line":431,"column":7}},{"start":{"line":428,"column":13},"end":{"line":431,"column":7}}]},"42":{"loc":{"start":{"line":419,"column":10},"end":{"line":419,"column":81}},"type":"binary-expr","locations":[{"start":{"line":419,"column":10},"end":{"line":419,"column":16}},{"start":{"line":419,"column":20},"end":{"line":419,"column":46}},{"start":{"line":419,"column":50},"end":{"line":419,"column":81}}]},"43":{"loc":{"start":{"line":429,"column":29},"end":{"line":429,"column":61}},"type":"binary-expr","locations":[{"start":{"line":429,"column":29},"end":{"line":429,"column":38}},{"start":{"line":429,"column":42},"end":{"line":429,"column":48}},{"start":{"line":429,"column":52},"end":{"line":429,"column":61}}]},"44":{"loc":{"start":{"line":430,"column":26},"end":{"line":430,"column":45}},"type":"binary-expr","locations":[{"start":{"line":430,"column":26},"end":{"line":430,"column":32}},{"start":{"line":430,"column":36},"end":{"line":430,"column":45}}]},"45":{"loc":{"start":{"line":469,"column":4},"end":{"line":476,"column":5}},"type":"if","locations":[{"start":{"line":469,"column":4},"end":{"line":476,"column":5}},{"start":{},"end":{}}]},"46":{"loc":{"start":{"line":480,"column":4},"end":{"line":487,"column":5}},"type":"if","locations":[{"start":{"line":480,"column":4},"end":{"line":487,"column":5}},{"start":{},"end":{}}]},"47":{"loc":{"start":{"line":480,"column":8},"end":{"line":480,"column":40}},"type":"binary-expr","locations":[{"start":{"line":480,"column":8},"end":{"line":480,"column":24}},{"start":{"line":480,"column":28},"end":{"line":480,"column":40}}]},"48":{"loc":{"start":{"line":490,"column":4},"end":{"line":497,"column":5}},"type":"if","locations":[{"start":{"line":490,"column":4},"end":{"line":497,"column":5}},{"start":{},"end":{}}]},"49":{"loc":{"start":{"line":500,"column":4},"end":{"line":507,"column":5}},"type":"if","locations":[{"start":{"line":500,"column":4},"end":{"line":507,"column":5}},{"start":{},"end":{}}]},"50":{"loc":{"start":{"line":510,"column":42},"end":{"line":511,"column":81}},"type":"binary-expr","locations":[{"start":{"line":510,"column":42},"end":{"line":510,"column":61}},{"start":{"line":511,"column":6},"end":{"line":511,"column":81}}]},"51":{"loc":{"start":{"line":513,"column":4},"end":{"line":546,"column":5}},"type":"if","locations":[{"start":{"line":513,"column":4},"end":{"line":546,"column":5}},{"start":{"line":534,"column":11},"end":{"line":546,"column":5}}]},"52":{"loc":{"start":{"line":514,"column":25},"end":{"line":514,"column":56}},"type":"binary-expr","locations":[{"start":{"line":514,"column":25},"end":{"line":514,"column":38}},{"start":{"line":514,"column":42},"end":{"line":514,"column":56}}]},"53":{"loc":{"start":{"line":515,"column":6},"end":{"line":522,"column":7}},"type":"if","locations":[{"start":{"line":515,"column":6},"end":{"line":522,"column":7}},{"start":{},"end":{}}]},"54":{"loc":{"start":{"line":515,"column":10},"end":{"line":515,"column":43}},"type":"binary-expr","locations":[{"start":{"line":515,"column":10},"end":{"line":515,"column":21}},{"start":{"line":515,"column":25},"end":{"line":515,"column":43}}]},"55":{"loc":{"start":{"line":525,"column":6},"end":{"line":532,"column":7}},"type":"if","locations":[{"start":{"line":525,"column":6},"end":{"line":532,"column":7}},{"start":{},"end":{}}]},"56":{"loc":{"start":{"line":534,"column":11},"end":{"line":546,"column":5}},"type":"if","locations":[{"start":{"line":534,"column":11},"end":{"line":546,"column":5}},{"start":{},"end":{}}]},"57":{"loc":{"start":{"line":537,"column":6},"end":{"line":544,"column":7}},"type":"if","locations":[{"start":{"line":537,"column":6},"end":{"line":544,"column":7}},{"start":{},"end":{}}]},"58":{"loc":{"start":{"line":591,"column":2},"end":{"line":591,"column":42}},"type":"default-arg","locations":[{"start":{"line":591,"column":40},"end":{"line":591,"column":42}}]},"59":{"loc":{"start":{"line":596,"column":8},"end":{"line":596,"column":53}},"type":"cond-expr","locations":[{"start":{"line":596,"column":16},"end":{"line":596,"column":48}},{"start":{"line":596,"column":51},"end":{"line":596,"column":53}}]},"60":{"loc":{"start":{"line":599,"column":15},"end":{"line":599,"column":83}},"type":"cond-expr","locations":[{"start":{"line":599,"column":38},"end":{"line":599,"column":69}},{"start":{"line":599,"column":72},"end":{"line":599,"column":83}}]},"61":{"loc":{"start":{"line":601,"column":2},"end":{"line":603,"column":3}},"type":"if","locations":[{"start":{"line":601,"column":2},"end":{"line":603,"column":3}},{"start":{},"end":{}}]},"62":{"loc":{"start":{"line":606,"column":2},"end":{"line":608,"column":3}},"type":"if","locations":[{"start":{"line":606,"column":2},"end":{"line":608,"column":3}},{"start":{},"end":{}}]},"63":{"loc":{"start":{"line":606,"column":6},"end":{"line":606,"column":43}},"type":"binary-expr","locations":[{"start":{"line":606,"column":6},"end":{"line":606,"column":16}},{"start":{"line":606,"column":20},"end":{"line":606,"column":43}}]},"64":{"loc":{"start":{"line":616,"column":4},"end":{"line":623,"column":5}},"type":"if","locations":[{"start":{"line":616,"column":4},"end":{"line":623,"column":5}},{"start":{},"end":{}}]},"65":{"loc":{"start":{"line":628,"column":4},"end":{"line":651,"column":5}},"type":"if","locations":[{"start":{"line":628,"column":4},"end":{"line":651,"column":5}},{"start":{},"end":{}}]},"66":{"loc":{"start":{"line":647,"column":14},"end":{"line":647,"column":45}},"type":"binary-expr","locations":[{"start":{"line":647,"column":14},"end":{"line":647,"column":28}},{"start":{"line":647,"column":32},"end":{"line":647,"column":45}}]},"67":{"loc":{"start":{"line":671,"column":4},"end":{"line":678,"column":5}},"type":"if","locations":[{"start":{"line":671,"column":4},"end":{"line":678,"column":5}},{"start":{},"end":{}}]},"68":{"loc":{"start":{"line":671,"column":8},"end":{"line":671,"column":30}},"type":"binary-expr","locations":[{"start":{"line":671,"column":8},"end":{"line":671,"column":14}},{"start":{"line":671,"column":18},"end":{"line":671,"column":30}}]},"69":{"loc":{"start":{"line":680,"column":4},"end":{"line":687,"column":5}},"type":"if","locations":[{"start":{"line":680,"column":4},"end":{"line":687,"column":5}},{"start":{},"end":{}}]},"70":{"loc":{"start":{"line":691,"column":4},"end":{"line":700,"column":5}},"type":"if","locations":[{"start":{"line":691,"column":4},"end":{"line":700,"column":5}},{"start":{},"end":{}}]},"71":{"loc":{"start":{"line":708,"column":42},"end":{"line":709,"column":81}},"type":"binary-expr","locations":[{"start":{"line":708,"column":42},"end":{"line":708,"column":61}},{"start":{"line":709,"column":6},"end":{"line":709,"column":81}}]},"72":{"loc":{"start":{"line":711,"column":4},"end":{"line":732,"column":5}},"type":"if","locations":[{"start":{"line":711,"column":4},"end":{"line":732,"column":5}},{"start":{},"end":{}}]},"73":{"loc":{"start":{"line":711,"column":8},"end":{"line":711,"column":61}},"type":"binary-expr","locations":[{"start":{"line":711,"column":8},"end":{"line":711,"column":28}},{"start":{"line":711,"column":32},"end":{"line":711,"column":61}}]},"74":{"loc":{"start":{"line":712,"column":6},"end":{"line":720,"column":7}},"type":"if","locations":[{"start":{"line":712,"column":6},"end":{"line":720,"column":7}},{"start":{},"end":{}}]},"75":{"loc":{"start":{"line":712,"column":10},"end":{"line":712,"column":49}},"type":"binary-expr","locations":[{"start":{"line":712,"column":10},"end":{"line":712,"column":24}},{"start":{"line":712,"column":28},"end":{"line":712,"column":49}}]},"76":{"loc":{"start":{"line":723,"column":6},"end":{"line":730,"column":7}},"type":"if","locations":[{"start":{"line":723,"column":6},"end":{"line":730,"column":7}},{"start":{},"end":{}}]},"77":{"loc":{"start":{"line":759,"column":4},"end":{"line":766,"column":5}},"type":"if","locations":[{"start":{"line":759,"column":4},"end":{"line":766,"column":5}},{"start":{},"end":{}}]},"78":{"loc":{"start":{"line":772,"column":10},"end":{"line":772,"column":55}},"type":"cond-expr","locations":[{"start":{"line":772,"column":18},"end":{"line":772,"column":50}},{"start":{"line":772,"column":53},"end":{"line":772,"column":55}}]},"79":{"loc":{"start":{"line":775,"column":4},"end":{"line":782,"column":5}},"type":"if","locations":[{"start":{"line":775,"column":4},"end":{"line":782,"column":5}},{"start":{},"end":{}}]},"80":{"loc":{"start":{"line":806,"column":4},"end":{"line":813,"column":5}},"type":"if","locations":[{"start":{"line":806,"column":4},"end":{"line":813,"column":5}},{"start":{},"end":{}}]},"81":{"loc":{"start":{"line":826,"column":14},"end":{"line":826,"column":39}},"type":"binary-expr","locations":[{"start":{"line":826,"column":14},"end":{"line":826,"column":25}},{"start":{"line":826,"column":29},"end":{"line":826,"column":39}}]},"82":{"loc":{"start":{"line":828,"column":10},"end":{"line":828,"column":25}},"type":"binary-expr","locations":[{"start":{"line":828,"column":10},"end":{"line":828,"column":16}},{"start":{"line":828,"column":20},"end":{"line":828,"column":25}}]},"83":{"loc":{"start":{"line":829,"column":14},"end":{"line":829,"column":44}},"type":"binary-expr","locations":[{"start":{"line":829,"column":14},"end":{"line":829,"column":27}},{"start":{"line":829,"column":31},"end":{"line":829,"column":44}}]},"84":{"loc":{"start":{"line":850,"column":4},"end":{"line":856,"column":5}},"type":"if","locations":[{"start":{"line":850,"column":4},"end":{"line":856,"column":5}},{"start":{},"end":{}}]},"85":{"loc":{"start":{"line":860,"column":4},"end":{"line":868,"column":5}},"type":"if","locations":[{"start":{"line":860,"column":4},"end":{"line":868,"column":5}},{"start":{},"end":{}}]},"86":{"loc":{"start":{"line":872,"column":34},"end":{"line":873,"column":82}},"type":"binary-expr","locations":[{"start":{"line":872,"column":34},"end":{"line":872,"column":54}},{"start":{"line":872,"column":59},"end":{"line":872,"column":78}},{"start":{"line":873,"column":6},"end":{"line":873,"column":81}}]},"87":{"loc":{"start":{"line":895,"column":4},"end":{"line":902,"column":5}},"type":"if","locations":[{"start":{"line":895,"column":4},"end":{"line":902,"column":5}},{"start":{},"end":{}}]},"88":{"loc":{"start":{"line":905,"column":4},"end":{"line":912,"column":5}},"type":"if","locations":[{"start":{"line":905,"column":4},"end":{"line":912,"column":5}},{"start":{},"end":{}}]},"89":{"loc":{"start":{"line":949,"column":4},"end":{"line":952,"column":5}},"type":"if","locations":[{"start":{"line":949,"column":4},"end":{"line":952,"column":5}},{"start":{},"end":{}}]},"90":{"loc":{"start":{"line":949,"column":8},"end":{"line":949,"column":45}},"type":"binary-expr","locations":[{"start":{"line":949,"column":8},"end":{"line":949,"column":17}},{"start":{"line":949,"column":21},"end":{"line":949,"column":45}}]},"91":{"loc":{"start":{"line":960,"column":4},"end":{"line":1092,"column":5}},"type":"if","locations":[{"start":{"line":960,"column":4},"end":{"line":1092,"column":5}},{"start":{"line":999,"column":11},"end":{"line":1092,"column":5}}]},"92":{"loc":{"start":{"line":961,"column":6},"end":{"line":964,"column":7}},"type":"if","locations":[{"start":{"line":961,"column":6},"end":{"line":964,"column":7}},{"start":{},"end":{}}]},"93":{"loc":{"start":{"line":968,"column":6},"end":{"line":975,"column":7}},"type":"if","locations":[{"start":{"line":968,"column":6},"end":{"line":975,"column":7}},{"start":{},"end":{}}]},"94":{"loc":{"start":{"line":968,"column":10},"end":{"line":968,"column":60}},"type":"binary-expr","locations":[{"start":{"line":968,"column":10},"end":{"line":968,"column":33}},{"start":{"line":968,"column":37},"end":{"line":968,"column":60}}]},"95":{"loc":{"start":{"line":989,"column":19},"end":{"line":989,"column":80}},"type":"binary-expr","locations":[{"start":{"line":989,"column":19},"end":{"line":989,"column":31}},{"start":{"line":989,"column":35},"end":{"line":989,"column":60}},{"start":{"line":989,"column":64},"end":{"line":989,"column":74}},{"start":{"line":989,"column":78},"end":{"line":989,"column":80}}]},"96":{"loc":{"start":{"line":990,"column":22},"end":{"line":990,"column":71}},"type":"binary-expr","locations":[{"start":{"line":990,"column":22},"end":{"line":990,"column":39}},{"start":{"line":990,"column":43},"end":{"line":990,"column":54}},{"start":{"line":990,"column":58},"end":{"line":990,"column":71}}]},"97":{"loc":{"start":{"line":991,"column":21},"end":{"line":991,"column":45}},"type":"binary-expr","locations":[{"start":{"line":991,"column":21},"end":{"line":991,"column":39}},{"start":{"line":991,"column":43},"end":{"line":991,"column":45}}]},"98":{"loc":{"start":{"line":992,"column":23},"end":{"line":992,"column":62}},"type":"binary-expr","locations":[{"start":{"line":992,"column":23},"end":{"line":992,"column":40}},{"start":{"line":992,"column":44},"end":{"line":992,"column":62}}]},"99":{"loc":{"start":{"line":993,"column":21},"end":{"line":993,"column":53}},"type":"binary-expr","locations":[{"start":{"line":993,"column":21},"end":{"line":993,"column":36}},{"start":{"line":993,"column":40},"end":{"line":993,"column":53}}]},"100":{"loc":{"start":{"line":995,"column":6},"end":{"line":998,"column":7}},"type":"if","locations":[{"start":{"line":995,"column":6},"end":{"line":998,"column":7}},{"start":{},"end":{}}]},"101":{"loc":{"start":{"line":999,"column":11},"end":{"line":1092,"column":5}},"type":"if","locations":[{"start":{"line":999,"column":11},"end":{"line":1092,"column":5}},{"start":{},"end":{}}]},"102":{"loc":{"start":{"line":1000,"column":6},"end":{"line":1003,"column":7}},"type":"if","locations":[{"start":{"line":1000,"column":6},"end":{"line":1003,"column":7}},{"start":{},"end":{}}]},"103":{"loc":{"start":{"line":1000,"column":10},"end":{"line":1000,"column":29}},"type":"binary-expr","locations":[{"start":{"line":1000,"column":10},"end":{"line":1000,"column":16}},{"start":{"line":1000,"column":20},"end":{"line":1000,"column":29}}]},"104":{"loc":{"start":{"line":1013,"column":52},"end":{"line":1013,"column":74}},"type":"binary-expr","locations":[{"start":{"line":1013,"column":52},"end":{"line":1013,"column":68}},{"start":{"line":1013,"column":72},"end":{"line":1013,"column":74}}]},"105":{"loc":{"start":{"line":1014,"column":46},"end":{"line":1014,"column":77}},"type":"binary-expr","locations":[{"start":{"line":1014,"column":46},"end":{"line":1014,"column":71}},{"start":{"line":1014,"column":75},"end":{"line":1014,"column":77}}]},"106":{"loc":{"start":{"line":1017,"column":26},"end":{"line":1017,"column":51}},"type":"binary-expr","locations":[{"start":{"line":1017,"column":26},"end":{"line":1017,"column":45}},{"start":{"line":1017,"column":49},"end":{"line":1017,"column":51}}]},"107":{"loc":{"start":{"line":1018,"column":12},"end":{"line":1018,"column":94}},"type":"if","locations":[{"start":{"line":1018,"column":12},"end":{"line":1018,"column":94}},{"start":{},"end":{}}]},"108":{"loc":{"start":{"line":1028,"column":30},"end":{"line":1028,"column":55}},"type":"binary-expr","locations":[{"start":{"line":1028,"column":30},"end":{"line":1028,"column":49}},{"start":{"line":1028,"column":53},"end":{"line":1028,"column":55}}]},"109":{"loc":{"start":{"line":1029,"column":14},"end":{"line":1029,"column":54}},"type":"if","locations":[{"start":{"line":1029,"column":14},"end":{"line":1029,"column":54}},{"start":{},"end":{}}]},"110":{"loc":{"start":{"line":1042,"column":16},"end":{"line":1044,"column":17}},"type":"if","locations":[{"start":{"line":1042,"column":16},"end":{"line":1044,"column":17}},{"start":{},"end":{}}]},"111":{"loc":{"start":{"line":1042,"column":20},"end":{"line":1042,"column":54}},"type":"binary-expr","locations":[{"start":{"line":1042,"column":20},"end":{"line":1042,"column":39}},{"start":{"line":1042,"column":43},"end":{"line":1042,"column":54}}]},"112":{"loc":{"start":{"line":1054,"column":52},"end":{"line":1054,"column":74}},"type":"binary-expr","locations":[{"start":{"line":1054,"column":52},"end":{"line":1054,"column":68}},{"start":{"line":1054,"column":72},"end":{"line":1054,"column":74}}]},"113":{"loc":{"start":{"line":1058,"column":12},"end":{"line":1058,"column":84}},"type":"if","locations":[{"start":{"line":1058,"column":12},"end":{"line":1058,"column":84}},{"start":{},"end":{}}]},"114":{"loc":{"start":{"line":1067,"column":24},"end":{"line":1067,"column":88}},"type":"binary-expr","locations":[{"start":{"line":1067,"column":24},"end":{"line":1067,"column":49}},{"start":{"line":1067,"column":53},"end":{"line":1067,"column":71}},{"start":{"line":1067,"column":75},"end":{"line":1067,"column":88}}]},"115":{"loc":{"start":{"line":1068,"column":23},"end":{"line":1068,"column":47}},"type":"binary-expr","locations":[{"start":{"line":1068,"column":23},"end":{"line":1068,"column":41}},{"start":{"line":1068,"column":45},"end":{"line":1068,"column":47}}]},"116":{"loc":{"start":{"line":1069,"column":25},"end":{"line":1069,"column":73}},"type":"binary-expr","locations":[{"start":{"line":1069,"column":25},"end":{"line":1069,"column":51}},{"start":{"line":1069,"column":55},"end":{"line":1069,"column":73}}]},"117":{"loc":{"start":{"line":1070,"column":23},"end":{"line":1070,"column":61}},"type":"binary-expr","locations":[{"start":{"line":1070,"column":23},"end":{"line":1070,"column":44}},{"start":{"line":1070,"column":48},"end":{"line":1070,"column":61}}]},"118":{"loc":{"start":{"line":1077,"column":8},"end":{"line":1080,"column":9}},"type":"if","locations":[{"start":{"line":1077,"column":8},"end":{"line":1080,"column":9}},{"start":{},"end":{}}]},"119":{"loc":{"start":{"line":1083,"column":8},"end":{"line":1086,"column":9}},"type":"if","locations":[{"start":{"line":1083,"column":8},"end":{"line":1086,"column":9}},{"start":{},"end":{}}]},"120":{"loc":{"start":{"line":1098,"column":4},"end":{"line":1125,"column":5}},"type":"if","locations":[{"start":{"line":1098,"column":4},"end":{"line":1125,"column":5}},{"start":{},"end":{}}]},"121":{"loc":{"start":{"line":1127,"column":4},"end":{"line":1135,"column":5}},"type":"if","locations":[{"start":{"line":1127,"column":4},"end":{"line":1135,"column":5}},{"start":{},"end":{}}]},"122":{"loc":{"start":{"line":1127,"column":8},"end":{"line":1127,"column":25}},"type":"binary-expr","locations":[{"start":{"line":1127,"column":8},"end":{"line":1127,"column":17}},{"start":{"line":1127,"column":21},"end":{"line":1127,"column":25}}]},"123":{"loc":{"start":{"line":1137,"column":4},"end":{"line":1140,"column":5}},"type":"if","locations":[{"start":{"line":1137,"column":4},"end":{"line":1140,"column":5}},{"start":{},"end":{}}]},"124":{"loc":{"start":{"line":1145,"column":40},"end":{"line":1146,"column":82}},"type":"binary-expr","locations":[{"start":{"line":1145,"column":40},"end":{"line":1145,"column":60}},{"start":{"line":1145,"column":65},"end":{"line":1145,"column":74}},{"start":{"line":1145,"column":78},"end":{"line":1145,"column":97}},{"start":{"line":1146,"column":6},"end":{"line":1146,"column":81}}]},"125":{"loc":{"start":{"line":1198,"column":24},"end":{"line":1198,"column":66}},"type":"cond-expr","locations":[{"start":{"line":1198,"column":35},"end":{"line":1198,"column":58}},{"start":{"line":1198,"column":61},"end":{"line":1198,"column":66}}]},"126":{"loc":{"start":{"line":1199,"column":20},"end":{"line":1199,"column":60}},"type":"cond-expr","locations":[{"start":{"line":1199,"column":31},"end":{"line":1199,"column":50}},{"start":{"line":1199,"column":53},"end":{"line":1199,"column":60}}]},"127":{"loc":{"start":{"line":1203,"column":23},"end":{"line":1203,"column":54}},"type":"binary-expr","locations":[{"start":{"line":1203,"column":23},"end":{"line":1203,"column":46}},{"start":{"line":1203,"column":50},"end":{"line":1203,"column":54}}]},"128":{"loc":{"start":{"line":1204,"column":23},"end":{"line":1204,"column":54}},"type":"binary-expr","locations":[{"start":{"line":1204,"column":23},"end":{"line":1204,"column":46}},{"start":{"line":1204,"column":50},"end":{"line":1204,"column":54}}]}},"s":{"0":1,"1":1,"2":1,"3":1,"4":1,"5":1,"6":1,"7":1,"8":1,"9":1,"10":1,"11":1,"12":1,"13":1,"14":1,"15":1,"16":1,"17":11,"18":1,"19":0,"20":1,"21":0,"22":1,"23":0,"24":0,"25":0,"26":0,"27":0,"28":0,"29":0,"30":0,"31":0,"32":0,"33":0,"34":0,"35":0,"36":0,"37":0,"38":0,"39":0,"40":0,"41":0,"42":0,"43":0,"44":0,"45":0,"46":0,"47":0,"48":0,"49":0,"50":0,"51":0,"52":0,"53":0,"54":0,"55":0,"56":1,"57":1,"58":0,"59":0,"60":0,"61":0,"62":0,"63":0,"64":0,"65":0,"66":0,"67":0,"68":0,"69":0,"70":0,"71":0,"72":0,"73":0,"74":0,"75":0,"76":0,"77":0,"78":0,"79":0,"80":0,"81":0,"82":0,"83":0,"84":0,"85":0,"86":0,"87":0,"88":0,"89":0,"90":0,"91":0,"92":0,"93":0,"94":0,"95":0,"96":1,"97":1,"98":0,"99":0,"100":0,"101":0,"102":0,"103":0,"104":0,"105":0,"106":0,"107":0,"108":0,"109":0,"110":0,"111":0,"112":0,"113":0,"114":1,"115":1,"116":0,"117":0,"118":0,"119":0,"120":0,"121":0,"122":0,"123":1,"124":1,"125":0,"126":0,"127":0,"128":0,"129":0,"130":0,"131":0,"132":1,"133":1,"134":0,"135":0,"136":0,"137":0,"138":0,"139":0,"140":0,"141":0,"142":0,"143":0,"144":0,"145":0,"146":0,"147":0,"148":0,"149":0,"150":0,"151":0,"152":0,"153":0,"154":0,"155":0,"156":0,"157":0,"158":0,"159":0,"160":0,"161":0,"162":0,"163":1,"164":1,"165":0,"166":0,"167":0,"168":0,"169":0,"170":0,"171":0,"172":0,"173":0,"174":0,"175":0,"176":0,"177":0,"178":0,"179":0,"180":0,"181":0,"182":0,"183":0,"184":0,"185":0,"186":0,"187":0,"188":0,"189":0,"190":0,"191":0,"192":0,"193":0,"194":0,"195":0,"196":0,"197":0,"198":0,"199":0,"200":0,"201":0,"202":0,"203":0,"204":1,"205":1,"206":1,"207":17,"208":1,"209":18,"210":18,"211":17,"212":17,"213":4,"214":13,"215":13,"216":3,"217":10,"218":1,"219":11,"220":11,"221":11,"222":1,"223":1,"224":10,"225":10,"226":10,"227":7,"228":7,"229":7,"230":7,"231":7,"232":7,"233":7,"234":7,"235":9,"236":1,"237":1,"238":1,"239":1,"240":12,"241":12,"242":12,"243":2,"244":2,"245":10,"246":1,"247":1,"248":9,"249":9,"250":2,"251":2,"252":2,"253":7,"254":7,"255":7,"256":7,"257":3,"258":1,"259":1,"260":2,"261":2,"262":1,"263":1,"264":1,"265":5,"266":5,"267":5,"268":5,"269":5,"270":5,"271":4,"272":1,"273":1,"274":1,"275":1,"276":0,"277":0,"278":0,"279":0,"280":0,"281":0,"282":0,"283":0,"284":0,"285":0,"286":0,"287":0,"288":0,"289":0,"290":0,"291":0,"292":0,"293":1,"294":1,"295":0,"296":0,"297":0,"298":0,"299":0,"300":0,"301":0,"302":0,"303":0,"304":0,"305":1,"306":1,"307":10,"308":10,"309":10,"310":1,"311":1,"312":9,"313":8,"314":5,"315":5,"316":5,"317":3,"318":3,"319":3,"320":3,"321":1,"322":1,"323":1,"324":1,"325":0,"326":0,"327":0,"328":0,"329":0,"330":0,"331":0,"332":0,"333":0,"334":0,"335":0,"336":0,"337":1,"338":1,"339":0,"340":0,"341":0,"342":0,"343":0,"344":0,"345":0,"346":0,"347":0,"348":0,"349":0,"350":0,"351":0,"352":0,"353":0,"354":0,"355":0,"356":0,"357":0,"358":0,"359":0,"360":0,"361":0,"362":0,"363":0,"364":0,"365":0,"366":0,"367":0,"368":0,"369":0,"370":0,"371":0,"372":0,"373":0,"374":0,"375":0,"376":0,"377":0,"378":0,"379":0,"380":0,"381":0,"382":0,"383":0,"384":0,"385":0,"386":0,"387":0,"388":0,"389":0,"390":0,"391":0,"392":0,"393":0,"394":0,"395":0,"396":0,"397":0,"398":0,"399":0,"400":0,"401":0,"402":0,"403":0,"404":0,"405":0,"406":0,"407":0,"408":0,"409":0,"410":0,"411":0,"412":0,"413":0,"414":0,"415":0,"416":0,"417":0,"418":0,"419":0,"420":0,"421":0,"422":0,"423":0,"424":0,"425":0,"426":0,"427":0,"428":0,"429":0,"430":0,"431":0,"432":0,"433":0,"434":0,"435":0,"436":0,"437":0,"438":0,"439":0,"440":0,"441":0,"442":0,"443":0,"444":0,"445":0,"446":0,"447":0,"448":0,"449":0,"450":0,"451":0,"452":0,"453":0,"454":0,"455":0,"456":0,"457":0,"458":0,"459":1,"460":1,"461":0,"462":0,"463":0,"464":0,"465":0,"466":1},"f":{"0":11,"1":0,"2":0,"3":0,"4":0,"5":0,"6":0,"7":0,"8":0,"9":0,"10":0,"11":17,"12":18,"13":11,"14":12,"15":0,"16":0,"17":0,"18":10,"19":0,"20":0,"21":0,"22":0,"23":0,"24":0,"25":0,"26":0,"27":0,"28":0,"29":0,"30":0,"31":0,"32":0,"33":0,"34":0},"b":{"0":[1,1],"1":[1,1],"2":[1,1],"3":[0,0],"4":[0,0],"5":[0,0],"6":[0,0],"7":[0,0],"8":[0,0],"9":[0,0],"10":[0,0],"11":[0,0],"12":[0,0],"13":[0,0],"14":[0,0],"15":[0,0],"16":[0,0],"17":[0,0],"18":[0,0],"19":[0,0],"20":[0,0],"21":[0,0],"22":[0,0],"23":[0,0],"24":[0,0],"25":[0,0],"26":[0,0],"27":[0,0,0],"28":[0,0,0],"29":[0,0],"30":[0,0],"31":[0,0,0],"32":[0,0],"33":[0,0],"34":[0,0],"35":[0,0],"36":[0,0],"37":[0,0],"38":[0,0],"39":[0,0],"40":[0,0],"41":[0,0],"42":[0,0,0],"43":[0,0,0],"44":[0,0],"45":[0,0],"46":[0,0],"47":[0,0],"48":[0,0],"49":[0,0],"50":[0,0],"51":[0,0],"52":[0,0],"53":[0,0],"54":[0,0],"55":[0,0],"56":[0,0],"57":[0,0],"58":[9],"59":[1,17],"60":[9,8],"61":[4,13],"62":[3,10],"63":[13,12],"64":[1,10],"65":[7,3],"66":[7,0],"67":[2,10],"68":[12,11],"69":[1,9],"70":[2,7],"71":[7,3],"72":[3,4],"73":[7,6],"74":[1,2],"75":[3,2],"76":[1,1],"77":[0,0],"78":[0,0],"79":[0,0],"80":[0,0],"81":[0,0],"82":[0,0],"83":[0,0],"84":[1,9],"85":[5,3],"86":[3,2,1],"87":[0,0],"88":[0,0],"89":[0,0],"90":[0,0],"91":[0,0],"92":[0,0],"93":[0,0],"94":[0,0],"95":[0,0,0,0],"96":[0,0,0],"97":[0,0],"98":[0,0],"99":[0,0],"100":[0,0],"101":[0,0],"102":[0,0],"103":[0,0],"104":[0,0],"105":[0,0],"106":[0,0],"107":[0,0],"108":[0,0],"109":[0,0],"110":[0,0],"111":[0,0],"112":[0,0],"113":[0,0],"114":[0,0,0],"115":[0,0],"116":[0,0],"117":[0,0],"118":[0,0],"119":[0,0],"120":[0,0],"121":[0,0],"122":[0,0],"123":[0,0],"124":[0,0,0,0],"125":[0,0],"126":[0,0],"127":[0,0],"128":[0,0]}}
}
