TN:
SF:src\controllers\authController.ts
FN:40,(anonymous_10)
FN:42,(anonymous_11)
FN:48,(anonymous_12)
FN:54,(anonymous_13)
FN:129,(anonymous_14)
FN:159,(anonymous_15)
FN:270,(anonymous_16)
FN:333,(anonymous_17)
FN:355,(anonymous_18)
FN:399,(anonymous_19)
FN:467,(anonymous_20)
FN:580,(anonymous_21)
FN:588,(anonymous_22)
FN:613,(anonymous_23)
FN:667,(anonymous_24)
FN:755,(anonymous_25)
FN:804,(anonymous_26)
FN:825,(anonymous_27)
FN:846,(anonymous_28)
FN:893,(anonymous_29)
FN:943,(anonymous_30)
FN:1011,(anonymous_31)
FN:1012,(anonymous_32)
FN:1016,(anonymous_33)
FN:1016,(anonymous_34)
FN:1017,(anonymous_35)
FN:1028,(anonymous_36)
FN:1033,(anonymous_37)
FN:1037,(anonymous_38)
FN:1041,(anonymous_39)
FN:1055,(anonymous_40)
FN:1055,(anonymous_41)
FN:1056,(anonymous_42)
FN:1130,(anonymous_43)
FN:1192,(anonymous_44)
FNF:35
FNH:6
FNDA:11,(anonymous_10)
FNDA:0,(anonymous_11)
FNDA:0,(anonymous_12)
FNDA:0,(anonymous_13)
FNDA:0,(anonymous_14)
FNDA:0,(anonymous_15)
FNDA:0,(anonymous_16)
FNDA:0,(anonymous_17)
FNDA:0,(anonymous_18)
FNDA:0,(anonymous_19)
FNDA:0,(anonymous_20)
FNDA:17,(anonymous_21)
FNDA:18,(anonymous_22)
FNDA:11,(anonymous_23)
FNDA:12,(anonymous_24)
FNDA:0,(anonymous_25)
FNDA:0,(anonymous_26)
FNDA:0,(anonymous_27)
FNDA:10,(anonymous_28)
FNDA:0,(anonymous_29)
FNDA:0,(anonymous_30)
FNDA:0,(anonymous_31)
FNDA:0,(anonymous_32)
FNDA:0,(anonymous_33)
FNDA:0,(anonymous_34)
FNDA:0,(anonymous_35)
FNDA:0,(anonymous_36)
FNDA:0,(anonymous_37)
FNDA:0,(anonymous_38)
FNDA:0,(anonymous_39)
FNDA:0,(anonymous_40)
FNDA:0,(anonymous_41)
FNDA:0,(anonymous_42)
FNDA:0,(anonymous_43)
FNDA:0,(anonymous_44)
DA:1,1
DA:3,1
DA:4,1
DA:6,1
DA:7,1
DA:8,1
DA:9,1
DA:10,1
DA:11,1
DA:12,1
DA:13,1
DA:14,1
DA:15,1
DA:36,1
DA:37,1
DA:38,1
DA:40,11
DA:42,1
DA:43,0
DA:48,1
DA:49,0
DA:54,1
DA:55,0
DA:57,0
DA:59,0
DA:60,0
DA:62,0
DA:63,0
DA:65,0
DA:69,0
DA:70,0
DA:75,0
DA:78,0
DA:79,0
DA:81,0
DA:99,0
DA:101,0
DA:102,0
DA:103,0
DA:112,0
DA:113,0
DA:114,0
DA:117,0
DA:124,0
DA:127,0
DA:128,0
DA:129,0
DA:131,0
DA:136,0
DA:140,0
DA:141,0
DA:142,0
DA:143,0
DA:148,0
DA:151,0
DA:159,1
DA:160,0
DA:161,0
DA:163,0
DA:165,0
DA:166,0
DA:171,0
DA:174,0
DA:175,0
DA:180,0
DA:183,0
DA:185,0
DA:186,0
DA:191,0
DA:195,0
DA:196,0
DA:197,0
DA:198,0
DA:199,0
DA:200,0
DA:201,0
DA:205,0
DA:206,0
DA:209,0
DA:212,0
DA:215,0
DA:216,0
DA:217,0
DA:218,0
DA:219,0
DA:222,0
DA:223,0
DA:225,0
DA:226,0
DA:227,0
DA:229,0
DA:231,0
DA:261,0
DA:262,0
DA:270,1
DA:271,0
DA:272,0
DA:274,0
DA:275,0
DA:280,0
DA:283,0
DA:284,0
DA:286,0
DA:287,0
DA:292,0
DA:295,0
DA:296,0
DA:298,0
DA:300,0
DA:302,0
DA:325,0
DA:333,1
DA:334,0
DA:335,0
DA:336,0
DA:338,0
DA:341,0
DA:346,0
DA:347,0
DA:355,1
DA:356,0
DA:357,0
DA:358,0
DA:363,0
DA:366,0
DA:390,0
DA:391,0
DA:399,1
DA:400,0
DA:401,0
DA:402,0
DA:407,0
DA:410,0
DA:412,0
DA:413,0
DA:414,0
DA:415,0
DA:417,0
DA:418,0
DA:419,0
DA:420,0
DA:421,0
DA:422,0
DA:423,0
DA:425,0
DA:426,0
DA:429,0
DA:430,0
DA:434,0
DA:436,0
DA:438,0
DA:458,0
DA:459,0
DA:467,1
DA:468,0
DA:469,0
DA:470,0
DA:475,0
DA:478,0
DA:480,0
DA:481,0
DA:486,0
DA:489,0
DA:490,0
DA:491,0
DA:496,0
DA:499,0
DA:500,0
DA:501,0
DA:506,0
DA:510,0
DA:513,0
DA:514,0
DA:515,0
DA:516,0
DA:521,0
DA:524,0
DA:525,0
DA:526,0
DA:531,0
DA:533,0
DA:534,0
DA:536,0
DA:537,0
DA:538,0
DA:543,0
DA:545,0
DA:548,0
DA:549,0
DA:550,0
DA:552,0
DA:557,0
DA:558,0
DA:573,1
DA:580,1
DA:581,17
DA:588,1
DA:593,18
DA:594,18
DA:599,17
DA:601,17
DA:602,4
DA:605,13
DA:606,13
DA:607,3
DA:610,10
DA:613,1
DA:614,11
DA:615,11
DA:616,11
DA:617,1
DA:622,1
DA:625,10
DA:626,10
DA:628,10
DA:629,7
DA:630,7
DA:631,7
DA:632,7
DA:634,7
DA:637,7
DA:641,7
DA:645,7
DA:653,9
DA:658,1
DA:659,1
DA:667,1
DA:668,12
DA:669,12
DA:671,12
DA:672,2
DA:677,2
DA:680,10
DA:681,1
DA:686,1
DA:689,9
DA:691,9
DA:692,2
DA:693,2
DA:699,2
DA:702,7
DA:707,7
DA:708,7
DA:711,7
DA:712,3
DA:713,1
DA:719,1
DA:722,2
DA:723,2
DA:724,1
DA:729,1
DA:731,1
DA:734,5
DA:735,5
DA:736,5
DA:737,5
DA:738,5
DA:739,5
DA:741,4
DA:746,1
DA:747,1
DA:755,1
DA:756,0
DA:757,0
DA:759,0
DA:760,0
DA:765,0
DA:768,0
DA:769,0
DA:775,0
DA:776,0
DA:781,0
DA:784,0
DA:785,0
DA:786,0
DA:788,0
DA:790,0
DA:795,0
DA:796,0
DA:804,1
DA:805,0
DA:806,0
DA:807,0
DA:812,0
DA:815,0
DA:825,0
DA:832,0
DA:837,0
DA:838,0
DA:846,1
DA:847,10
DA:848,10
DA:850,10
DA:851,1
DA:855,1
DA:858,9
DA:860,8
DA:861,5
DA:862,5
DA:867,5
DA:870,3
DA:871,3
DA:872,3
DA:875,3
DA:884,1
DA:885,1
DA:893,1
DA:894,0
DA:895,0
DA:896,0
DA:901,0
DA:904,0
DA:905,0
DA:906,0
DA:911,0
DA:915,0
DA:925,0
DA:934,0
DA:935,0
DA:943,1
DA:944,0
DA:945,0
DA:948,0
DA:949,0
DA:950,0
DA:951,0
DA:954,0
DA:955,0
DA:956,0
DA:957,0
DA:958,0
DA:960,0
DA:961,0
DA:962,0
DA:963,0
DA:968,0
DA:969,0
DA:970,0
DA:974,0
DA:978,0
DA:979,0
DA:984,0
DA:985,0
DA:986,0
DA:989,0
DA:990,0
DA:991,0
DA:992,0
DA:993,0
DA:995,0
DA:996,0
DA:997,0
DA:999,0
DA:1000,0
DA:1001,0
DA:1002,0
DA:1005,0
DA:1006,0
DA:1009,0
DA:1011,0
DA:1012,0
DA:1013,0
DA:1014,0
DA:1016,0
DA:1017,0
DA:1018,0
DA:1022,0
DA:1023,0
DA:1028,0
DA:1029,0
DA:1031,0
DA:1033,0
DA:1034,0
DA:1037,0
DA:1038,0
DA:1041,0
DA:1042,0
DA:1043,0
DA:1045,0
DA:1051,0
DA:1054,0
DA:1055,0
DA:1056,0
DA:1057,0
DA:1058,0
DA:1059,0
DA:1063,0
DA:1064,0
DA:1067,0
DA:1068,0
DA:1069,0
DA:1070,0
DA:1073,0
DA:1077,0
DA:1078,0
DA:1079,0
DA:1082,0
DA:1083,0
DA:1084,0
DA:1085,0
DA:1087,0
DA:1088,0
DA:1089,0
DA:1090,0
DA:1095,0
DA:1096,0
DA:1098,0
DA:1099,0
DA:1100,0
DA:1101,0
DA:1102,0
DA:1103,0
DA:1104,0
DA:1105,0
DA:1108,0
DA:1111,0
DA:1127,0
DA:1129,0
DA:1130,0
DA:1131,0
DA:1133,0
DA:1137,0
DA:1138,0
DA:1139,0
DA:1142,0
DA:1145,0
DA:1148,0
DA:1149,0
DA:1151,0
DA:1152,0
DA:1153,0
DA:1155,0
DA:1157,0
DA:1187,0
DA:1188,0
DA:1192,1
DA:1193,0
DA:1194,0
DA:1195,0
DA:1208,0
DA:1209,0
LF:441
LH:116
BRDA:36,0,0,1
BRDA:36,0,1,1
BRDA:37,1,0,1
BRDA:37,1,1,1
BRDA:38,2,0,1
BRDA:38,2,1,1
BRDA:44,3,0,0
BRDA:44,3,1,0
BRDA:50,4,0,0
BRDA:50,4,1,0
BRDA:60,5,0,0
BRDA:60,5,1,0
BRDA:69,6,0,0
BRDA:69,6,1,0
BRDA:105,7,0,0
BRDA:105,7,1,0
BRDA:119,8,0,0
BRDA:119,8,1,0
BRDA:127,9,0,0
BRDA:127,9,1,0
BRDA:128,10,0,0
BRDA:128,10,1,0
BRDA:133,11,0,0
BRDA:133,11,1,0
BRDA:134,12,0,0
BRDA:134,12,1,0
BRDA:140,13,0,0
BRDA:140,13,1,0
BRDA:141,14,0,0
BRDA:141,14,1,0
BRDA:165,15,0,0
BRDA:165,15,1,0
BRDA:165,16,0,0
BRDA:165,16,1,0
BRDA:174,17,0,0
BRDA:174,17,1,0
BRDA:185,18,0,0
BRDA:185,18,1,0
BRDA:196,19,0,0
BRDA:196,19,1,0
BRDA:198,20,0,0
BRDA:198,20,1,0
BRDA:199,21,0,0
BRDA:199,21,1,0
BRDA:200,22,0,0
BRDA:200,22,1,0
BRDA:205,23,0,0
BRDA:205,23,1,0
BRDA:209,24,0,0
BRDA:209,24,1,0
BRDA:215,25,0,0
BRDA:215,25,1,0
BRDA:218,26,0,0
BRDA:218,26,1,0
BRDA:218,27,0,0
BRDA:218,27,1,0
BRDA:218,27,2,0
BRDA:254,28,0,0
BRDA:254,28,1,0
BRDA:254,28,2,0
BRDA:274,29,0,0
BRDA:274,29,1,0
BRDA:286,30,0,0
BRDA:286,30,1,0
BRDA:286,31,0,0
BRDA:286,31,1,0
BRDA:286,31,2,0
BRDA:335,32,0,0
BRDA:335,32,1,0
BRDA:357,33,0,0
BRDA:357,33,1,0
BRDA:401,34,0,0
BRDA:401,34,1,0
BRDA:412,35,0,0
BRDA:412,35,1,0
BRDA:413,36,0,0
BRDA:413,36,1,0
BRDA:414,37,0,0
BRDA:414,37,1,0
BRDA:415,38,0,0
BRDA:415,38,1,0
BRDA:417,39,0,0
BRDA:417,39,1,0
BRDA:418,40,0,0
BRDA:418,40,1,0
BRDA:419,41,0,0
BRDA:419,41,1,0
BRDA:419,42,0,0
BRDA:419,42,1,0
BRDA:419,42,2,0
BRDA:429,43,0,0
BRDA:429,43,1,0
BRDA:429,43,2,0
BRDA:430,44,0,0
BRDA:430,44,1,0
BRDA:469,45,0,0
BRDA:469,45,1,0
BRDA:480,46,0,0
BRDA:480,46,1,0
BRDA:480,47,0,0
BRDA:480,47,1,0
BRDA:490,48,0,0
BRDA:490,48,1,0
BRDA:500,49,0,0
BRDA:500,49,1,0
BRDA:510,50,0,0
BRDA:510,50,1,0
BRDA:513,51,0,0
BRDA:513,51,1,0
BRDA:514,52,0,0
BRDA:514,52,1,0
BRDA:515,53,0,0
BRDA:515,53,1,0
BRDA:515,54,0,0
BRDA:515,54,1,0
BRDA:525,55,0,0
BRDA:525,55,1,0
BRDA:534,56,0,0
BRDA:534,56,1,0
BRDA:537,57,0,0
BRDA:537,57,1,0
BRDA:591,58,0,9
BRDA:596,59,0,1
BRDA:596,59,1,17
BRDA:599,60,0,9
BRDA:599,60,1,8
BRDA:601,61,0,4
BRDA:601,61,1,13
BRDA:606,62,0,3
BRDA:606,62,1,10
BRDA:606,63,0,13
BRDA:606,63,1,12
BRDA:616,64,0,1
BRDA:616,64,1,10
BRDA:628,65,0,7
BRDA:628,65,1,3
BRDA:647,66,0,7
BRDA:647,66,1,0
BRDA:671,67,0,2
BRDA:671,67,1,10
BRDA:671,68,0,12
BRDA:671,68,1,11
BRDA:680,69,0,1
BRDA:680,69,1,9
BRDA:691,70,0,2
BRDA:691,70,1,7
BRDA:708,71,0,7
BRDA:708,71,1,3
BRDA:711,72,0,3
BRDA:711,72,1,4
BRDA:711,73,0,7
BRDA:711,73,1,6
BRDA:712,74,0,1
BRDA:712,74,1,2
BRDA:712,75,0,3
BRDA:712,75,1,2
BRDA:723,76,0,1
BRDA:723,76,1,1
BRDA:759,77,0,0
BRDA:759,77,1,0
BRDA:772,78,0,0
BRDA:772,78,1,0
BRDA:775,79,0,0
BRDA:775,79,1,0
BRDA:806,80,0,0
BRDA:806,80,1,0
BRDA:826,81,0,0
BRDA:826,81,1,0
BRDA:828,82,0,0
BRDA:828,82,1,0
BRDA:829,83,0,0
BRDA:829,83,1,0
BRDA:850,84,0,1
BRDA:850,84,1,9
BRDA:860,85,0,5
BRDA:860,85,1,3
BRDA:872,86,0,3
BRDA:872,86,1,2
BRDA:872,86,2,1
BRDA:895,87,0,0
BRDA:895,87,1,0
BRDA:905,88,0,0
BRDA:905,88,1,0
BRDA:949,89,0,0
BRDA:949,89,1,0
BRDA:949,90,0,0
BRDA:949,90,1,0
BRDA:960,91,0,0
BRDA:960,91,1,0
BRDA:961,92,0,0
BRDA:961,92,1,0
BRDA:968,93,0,0
BRDA:968,93,1,0
BRDA:968,94,0,0
BRDA:968,94,1,0
BRDA:989,95,0,0
BRDA:989,95,1,0
BRDA:989,95,2,0
BRDA:989,95,3,0
BRDA:990,96,0,0
BRDA:990,96,1,0
BRDA:990,96,2,0
BRDA:991,97,0,0
BRDA:991,97,1,0
BRDA:992,98,0,0
BRDA:992,98,1,0
BRDA:993,99,0,0
BRDA:993,99,1,0
BRDA:995,100,0,0
BRDA:995,100,1,0
BRDA:999,101,0,0
BRDA:999,101,1,0
BRDA:1000,102,0,0
BRDA:1000,102,1,0
BRDA:1000,103,0,0
BRDA:1000,103,1,0
BRDA:1013,104,0,0
BRDA:1013,104,1,0
BRDA:1014,105,0,0
BRDA:1014,105,1,0
BRDA:1017,106,0,0
BRDA:1017,106,1,0
BRDA:1018,107,0,0
BRDA:1018,107,1,0
BRDA:1028,108,0,0
BRDA:1028,108,1,0
BRDA:1029,109,0,0
BRDA:1029,109,1,0
BRDA:1042,110,0,0
BRDA:1042,110,1,0
BRDA:1042,111,0,0
BRDA:1042,111,1,0
BRDA:1054,112,0,0
BRDA:1054,112,1,0
BRDA:1058,113,0,0
BRDA:1058,113,1,0
BRDA:1067,114,0,0
BRDA:1067,114,1,0
BRDA:1067,114,2,0
BRDA:1068,115,0,0
BRDA:1068,115,1,0
BRDA:1069,116,0,0
BRDA:1069,116,1,0
BRDA:1070,117,0,0
BRDA:1070,117,1,0
BRDA:1077,118,0,0
BRDA:1077,118,1,0
BRDA:1083,119,0,0
BRDA:1083,119,1,0
BRDA:1098,120,0,0
BRDA:1098,120,1,0
BRDA:1127,121,0,0
BRDA:1127,121,1,0
BRDA:1127,122,0,0
BRDA:1127,122,1,0
BRDA:1137,123,0,0
BRDA:1137,123,1,0
BRDA:1145,124,0,0
BRDA:1145,124,1,0
BRDA:1145,124,2,0
BRDA:1145,124,3,0
BRDA:1198,125,0,0
BRDA:1198,125,1,0
BRDA:1199,126,0,0
BRDA:1199,126,1,0
BRDA:1203,127,0,0
BRDA:1203,127,1,0
BRDA:1204,128,0,0
BRDA:1204,128,1,0
BRF:269
BRH:49
end_of_record
